2017-12-15 15:01:15,980 - 5824 - Logger1 - DEBUG - p1
2017-12-15 15:01:15,980 - 5824 - Logger1 - DEBUG - p2
2017-12-15 15:01:15,980 - 5824 - Logger1 - DEBUG - p3
2017-12-15 15:01:15,980 - 5824 - Logger1 - DEBUG - p4
2017-12-15 15:01:15,980 - 5824 - Logger1 - DEBUG - p5Pipes
2017-12-15 15:01:15,980 - 5824 - Logger1 - DEBUG - p5.1Pipes
2017-12-15 15:01:15,980 - 5824 - Logger1 - DEBUG - p6
2017-12-15 15:01:15,980 - 5824 - Logger1 - DEBUG - p72
2017-12-15 15:01:15,980 - 5824 - Logger1 - DEBUG - p8
2017-12-15 15:01:15,980 - 5824 - Logger1 - DEBUG - p9
2017-12-15 15:01:15,980 - 5824 - Logger1 - DEBUG - p13, its a node
2017-12-15 15:01:15,980 - 5824 - Logger1 - DEBUG - p15
2017-12-15 15:01:15,980 - 5824 - Logger1 - DEBUG - p16
2017-12-15 15:01:15,996 - 5824 - Logger1 - DEBUG - p17
2017-12-15 15:01:16,519 - 5824 - Logger1 - DEBUG - r1
2017-12-15 15:01:16,519 - 5824 - Logger1 - DEBUG - r2
2017-12-15 15:01:16,519 - 5824 - Logger1 - DEBUG - r3
2017-12-15 15:01:16,519 - 5824 - Logger1 - DEBUG - r6 its a node
2017-12-15 15:01:16,519 - 5824 - Logger1 - DEBUG - r7 its a plain junction - updating node
2017-12-15 15:01:16,519 - 5824 - Logger1 - DEBUG - r8 done updating node
2017-12-15 15:01:16,519 - 5824 - Logger1 - DEBUG - r9 now updating link
2017-12-15 15:01:16,654 - 5824 - Logger1 - DEBUG - r10 done updating link
2017-12-15 15:01:21,336 - 5824 - Logger1 - DEBUG - p1
2017-12-15 15:01:21,336 - 5824 - Logger1 - DEBUG - p2
2017-12-15 15:01:21,336 - 5824 - Logger1 - DEBUG - p3
2017-12-15 15:01:21,336 - 5824 - Logger1 - DEBUG - p4
2017-12-15 15:01:21,336 - 5824 - Logger1 - DEBUG - p5Pipes
2017-12-15 15:01:21,336 - 5824 - Logger1 - DEBUG - p5.1Pipes
2017-12-15 15:01:21,336 - 5824 - Logger1 - DEBUG - p6
2017-12-15 15:01:21,336 - 5824 - Logger1 - DEBUG - p73
2017-12-15 15:01:21,336 - 5824 - Logger1 - DEBUG - p8
2017-12-15 15:01:21,336 - 5824 - Logger1 - DEBUG - p9
2017-12-15 15:01:21,336 - 5824 - Logger1 - DEBUG - p13, its a node
2017-12-15 15:01:21,336 - 5824 - Logger1 - DEBUG - p15
2017-12-15 15:01:21,336 - 5824 - Logger1 - DEBUG - p16
2017-12-15 15:01:21,336 - 5824 - Logger1 - DEBUG - p17
2017-12-15 15:01:21,855 - 5824 - Logger1 - DEBUG - r1
2017-12-15 15:01:21,855 - 5824 - Logger1 - DEBUG - r2
2017-12-15 15:01:21,855 - 5824 - Logger1 - DEBUG - r3
2017-12-15 15:01:21,855 - 5824 - Logger1 - DEBUG - r6 its a node
2017-12-15 15:01:21,855 - 5824 - Logger1 - DEBUG - r7 its a plain junction - updating node
2017-12-15 15:01:21,855 - 5824 - Logger1 - DEBUG - r8 done updating node
2017-12-15 15:01:21,855 - 5824 - Logger1 - DEBUG - r9 now updating link
2017-12-15 15:01:21,855 - 5824 - Logger1 - DEBUG - r10 done updating link
2017-12-15 15:03:36,894 - 5824 - Logger1 - DEBUG - p1
2017-12-15 15:03:36,894 - 5824 - Logger1 - DEBUG - p2
2017-12-15 15:03:36,894 - 5824 - Logger1 - DEBUG - p3
2017-12-15 15:03:36,894 - 5824 - Logger1 - DEBUG - p4
2017-12-15 15:03:36,894 - 5824 - Logger1 - DEBUG - p5Pipes
2017-12-15 15:03:36,894 - 5824 - Logger1 - DEBUG - p5.1Pipes
2017-12-15 15:03:36,894 - 5824 - Logger1 - DEBUG - p6
2017-12-15 15:03:36,894 - 5824 - Logger1 - DEBUG - p74
2017-12-15 15:03:36,894 - 5824 - Logger1 - DEBUG - p8
2017-12-15 15:03:36,894 - 5824 - Logger1 - DEBUG - p9
2017-12-15 15:03:36,894 - 5824 - Logger1 - DEBUG - p13, its a node
2017-12-15 15:03:36,894 - 5824 - Logger1 - DEBUG - p15
2017-12-15 15:03:36,894 - 5824 - Logger1 - DEBUG - p16
2017-12-15 15:03:36,894 - 5824 - Logger1 - DEBUG - p17
2017-12-15 15:03:37,627 - 5824 - Logger1 - DEBUG - r1
2017-12-15 15:03:37,627 - 5824 - Logger1 - DEBUG - r2
2017-12-15 15:03:37,627 - 5824 - Logger1 - DEBUG - r3
2017-12-15 15:03:37,627 - 5824 - Logger1 - DEBUG - r6 its a node
2017-12-15 15:03:37,627 - 5824 - Logger1 - DEBUG - r7 its a plain junction - updating node
2017-12-15 15:03:37,627 - 5824 - Logger1 - DEBUG - r8 done updating node
2017-12-15 15:03:37,627 - 5824 - Logger1 - DEBUG - r9 now updating link
2017-12-15 15:03:37,627 - 5824 - Logger1 - DEBUG - r10 done updating link
2017-12-15 15:03:48,887 - 5824 - Logger1 - DEBUG - p1
2017-12-15 15:03:48,887 - 5824 - Logger1 - DEBUG - p2
2017-12-15 15:03:48,887 - 5824 - Logger1 - DEBUG - p3
2017-12-15 15:03:48,887 - 5824 - Logger1 - DEBUG - p4
2017-12-15 15:03:48,887 - 5824 - Logger1 - DEBUG - p5Pipes
2017-12-15 15:03:48,887 - 5824 - Logger1 - DEBUG - p5.1Pipes
2017-12-15 15:03:48,887 - 5824 - Logger1 - DEBUG - p6
2017-12-15 15:03:48,887 - 5824 - Logger1 - DEBUG - p73
2017-12-15 15:03:48,887 - 5824 - Logger1 - DEBUG - p8
2017-12-15 15:03:48,887 - 5824 - Logger1 - DEBUG - p9
2017-12-15 15:03:48,887 - 5824 - Logger1 - DEBUG - p13, its a node
2017-12-15 15:03:48,887 - 5824 - Logger1 - DEBUG - p15
2017-12-15 15:03:48,887 - 5824 - Logger1 - DEBUG - p16
2017-12-15 15:03:48,887 - 5824 - Logger1 - DEBUG - p17
2017-12-15 15:03:49,372 - 5824 - Logger1 - DEBUG - r1
2017-12-15 15:03:49,372 - 5824 - Logger1 - DEBUG - r2
2017-12-15 15:03:49,372 - 5824 - Logger1 - DEBUG - r3
2017-12-15 15:03:49,372 - 5824 - Logger1 - DEBUG - r6 its a node
2017-12-15 15:03:49,372 - 5824 - Logger1 - DEBUG - r7 its a plain junction - updating node
2017-12-15 15:03:49,372 - 5824 - Logger1 - DEBUG - r8 done updating node
2017-12-15 15:03:49,372 - 5824 - Logger1 - DEBUG - r9 now updating link
2017-12-15 15:03:49,388 - 5824 - Logger1 - DEBUG - r10 done updating link
2017-12-15 15:04:13,404 - 5824 - Logger1 - DEBUG - p1
2017-12-15 15:04:13,404 - 5824 - Logger1 - DEBUG - p2
2017-12-15 15:04:13,404 - 5824 - Logger1 - DEBUG - p3
2017-12-15 15:04:13,404 - 5824 - Logger1 - DEBUG - p4
2017-12-15 15:04:13,404 - 5824 - Logger1 - DEBUG - p5Pipes
2017-12-15 15:04:13,404 - 5824 - Logger1 - DEBUG - p5.1Pipes
2017-12-15 15:04:13,420 - 5824 - Logger1 - DEBUG - p6
2017-12-15 15:04:13,443 - 5824 - Logger1 - DEBUG - p75
2017-12-15 15:04:13,443 - 5824 - Logger1 - DEBUG - p8
2017-12-15 15:04:13,443 - 5824 - Logger1 - DEBUG - p9
2017-12-15 15:04:13,443 - 5824 - Logger1 - DEBUG - p13, its a node
2017-12-15 15:04:13,443 - 5824 - Logger1 - DEBUG - p15
2017-12-15 15:04:13,443 - 5824 - Logger1 - DEBUG - p16
2017-12-15 15:04:13,443 - 5824 - Logger1 - DEBUG - p17
2017-12-15 15:04:13,905 - 5824 - Logger1 - DEBUG - r1
2017-12-15 15:04:13,905 - 5824 - Logger1 - DEBUG - r2
2017-12-15 15:04:13,905 - 5824 - Logger1 - DEBUG - r3
2017-12-15 15:04:13,905 - 5824 - Logger1 - DEBUG - r6 its a node
2017-12-15 15:04:13,905 - 5824 - Logger1 - DEBUG - r7 its a plain junction - updating node
2017-12-15 15:04:13,905 - 5824 - Logger1 - DEBUG - r8 done updating node
2017-12-15 15:04:13,905 - 5824 - Logger1 - DEBUG - r9 now updating link
2017-12-15 15:04:13,905 - 5824 - Logger1 - DEBUG - r10 done updating link
2017-12-15 15:04:56,431 - 5824 - Logger1 - DEBUG - ---------------------------------------------------------
2017-12-15 15:05:06,973 - 5824 - Logger1 - DEBUG - p1
2017-12-15 15:05:06,973 - 5824 - Logger1 - DEBUG - p2
2017-12-15 15:05:06,973 - 5824 - Logger1 - DEBUG - p3
2017-12-15 15:05:06,973 - 5824 - Logger1 - DEBUG - p4
2017-12-15 15:05:06,973 - 5824 - Logger1 - DEBUG - p5Junctions
2017-12-15 15:05:06,973 - 5824 - Logger1 - DEBUG - p5.1Junctions
2017-12-15 15:05:06,989 - 5824 - Logger1 - DEBUG - p6
2017-12-15 15:05:06,989 - 5824 - Logger1 - DEBUG - p74
2017-12-15 15:05:07,005 - 5824 - Logger1 - DEBUG - p8
2017-12-15 15:05:07,005 - 5824 - Logger1 - DEBUG - p9
2017-12-15 15:05:07,005 - 5824 - Logger1 - DEBUG - p13, its a node
2017-12-15 15:05:07,005 - 5824 - Logger1 - DEBUG - p15
2017-12-15 15:05:07,005 - 5824 - Logger1 - DEBUG - p16
2017-12-15 15:05:07,005 - 5824 - Logger1 - DEBUG - p17
2017-12-15 15:05:07,726 - 5824 - Logger1 - DEBUG - r1
2017-12-15 15:05:07,726 - 5824 - Logger1 - DEBUG - r2
2017-12-15 15:05:07,726 - 5824 - Logger1 - DEBUG - r3
2017-12-15 15:05:07,727 - 5824 - Logger1 - DEBUG - r6 its a node
2017-12-15 15:05:07,727 - 5824 - Logger1 - DEBUG - r7 its a plain junction - updating node
2017-12-15 15:05:07,730 - 5824 - Logger1 - DEBUG - r8 done updating node
2017-12-15 15:05:07,730 - 5824 - Logger1 - DEBUG - r9 now updating link
2017-12-15 15:05:07,730 - 5824 - Logger1 - DEBUG - r10 done updating link
2017-12-15 15:05:09,010 - 5824 - Logger1 - DEBUG - p1
2017-12-15 15:05:09,010 - 5824 - Logger1 - DEBUG - p2
2017-12-15 15:05:09,010 - 5824 - Logger1 - DEBUG - p3
2017-12-15 15:05:09,010 - 5824 - Logger1 - DEBUG - p4
2017-12-15 15:05:09,010 - 5824 - Logger1 - DEBUG - p5Junctions
2017-12-15 15:05:09,010 - 5824 - Logger1 - DEBUG - p5.1Junctions
2017-12-15 15:05:09,010 - 5824 - Logger1 - DEBUG - p6
2017-12-15 15:05:09,029 - 5824 - Logger1 - DEBUG - p73
2017-12-15 15:05:09,033 - 5824 - Logger1 - DEBUG - p8
2017-12-15 15:05:09,033 - 5824 - Logger1 - DEBUG - p9
2017-12-15 15:05:09,033 - 5824 - Logger1 - DEBUG - p13, its a node
2017-12-15 15:05:09,033 - 5824 - Logger1 - DEBUG - p15
2017-12-15 15:05:09,033 - 5824 - Logger1 - DEBUG - p16
2017-12-15 15:05:09,033 - 5824 - Logger1 - DEBUG - p17
2017-12-15 15:05:09,365 - 5824 - Logger1 - DEBUG - r1
2017-12-15 15:05:09,365 - 5824 - Logger1 - DEBUG - r2
2017-12-15 15:05:09,365 - 5824 - Logger1 - DEBUG - r3
2017-12-15 15:05:09,365 - 5824 - Logger1 - DEBUG - r6 its a node
2017-12-15 15:05:09,365 - 5824 - Logger1 - DEBUG - r7 its a plain junction - updating node
2017-12-15 15:05:09,365 - 5824 - Logger1 - DEBUG - r8 done updating node
2017-12-15 15:05:09,365 - 5824 - Logger1 - DEBUG - r9 now updating link
2017-12-15 15:05:09,381 - 5824 - Logger1 - DEBUG - r10 done updating link
2017-12-15 15:05:16,433 - 5824 - Logger1 - DEBUG - p1
2017-12-15 15:05:16,433 - 5824 - Logger1 - DEBUG - p2
2017-12-15 15:05:16,433 - 5824 - Logger1 - DEBUG - p3
2017-12-15 15:05:16,433 - 5824 - Logger1 - DEBUG - p4
2017-12-15 15:05:16,433 - 5824 - Logger1 - DEBUG - p5Junctions
2017-12-15 15:05:16,433 - 5824 - Logger1 - DEBUG - p5.1Junctions
2017-12-15 15:05:16,433 - 5824 - Logger1 - DEBUG - p6
2017-12-15 15:05:16,433 - 5824 - Logger1 - DEBUG - p73
2017-12-15 15:05:16,433 - 5824 - Logger1 - DEBUG - p8
2017-12-15 15:05:16,433 - 5824 - Logger1 - DEBUG - p9
2017-12-15 15:05:16,433 - 5824 - Logger1 - DEBUG - p13, its a node
2017-12-15 15:05:16,433 - 5824 - Logger1 - DEBUG - p15
2017-12-15 15:05:16,433 - 5824 - Logger1 - DEBUG - p16
2017-12-15 15:05:16,447 - 5824 - Logger1 - DEBUG - p17
2017-12-15 15:05:16,834 - 5824 - Logger1 - DEBUG - r1
2017-12-15 15:05:16,834 - 5824 - Logger1 - DEBUG - r2
2017-12-15 15:05:16,834 - 5824 - Logger1 - DEBUG - r3
2017-12-15 15:05:16,834 - 5824 - Logger1 - DEBUG - r6 its a node
2017-12-15 15:05:16,834 - 5824 - Logger1 - DEBUG - r7 its a plain junction - updating node
2017-12-15 15:05:16,834 - 5824 - Logger1 - DEBUG - r8 done updating node
2017-12-15 15:05:16,834 - 5824 - Logger1 - DEBUG - r9 now updating link
2017-12-15 15:05:16,834 - 5824 - Logger1 - DEBUG - r10 done updating link
2017-12-15 15:05:19,256 - 5824 - Logger1 - DEBUG - p1
2017-12-15 15:05:19,256 - 5824 - Logger1 - DEBUG - p2
2017-12-15 15:05:19,256 - 5824 - Logger1 - DEBUG - p3
2017-12-15 15:05:19,256 - 5824 - Logger1 - DEBUG - p4
2017-12-15 15:05:19,256 - 5824 - Logger1 - DEBUG - p5Junctions
2017-12-15 15:05:19,257 - 5824 - Logger1 - DEBUG - p5.1Junctions
2017-12-15 15:05:19,259 - 5824 - Logger1 - DEBUG - p6
2017-12-15 15:05:19,259 - 5824 - Logger1 - DEBUG - p74
2017-12-15 15:05:19,260 - 5824 - Logger1 - DEBUG - p8
2017-12-15 15:05:19,263 - 5824 - Logger1 - DEBUG - p9
2017-12-15 15:05:19,263 - 5824 - Logger1 - DEBUG - p13, its a node
2017-12-15 15:05:19,263 - 5824 - Logger1 - DEBUG - p15
2017-12-15 15:05:19,263 - 5824 - Logger1 - DEBUG - p16
2017-12-15 15:05:19,263 - 5824 - Logger1 - DEBUG - p17
2017-12-15 15:05:19,562 - 5824 - Logger1 - DEBUG - r1
2017-12-15 15:05:19,562 - 5824 - Logger1 - DEBUG - r2
2017-12-15 15:05:19,562 - 5824 - Logger1 - DEBUG - r3
2017-12-15 15:05:19,562 - 5824 - Logger1 - DEBUG - r6 its a node
2017-12-15 15:05:19,562 - 5824 - Logger1 - DEBUG - r7 its a plain junction - updating node
2017-12-15 15:05:19,562 - 5824 - Logger1 - DEBUG - r8 done updating node
2017-12-15 15:05:19,562 - 5824 - Logger1 - DEBUG - r9 now updating link
2017-12-15 15:05:19,578 - 5824 - Logger1 - DEBUG - r10 done updating link
2017-12-15 15:05:22,131 - 5824 - Logger1 - DEBUG - p1
2017-12-15 15:05:22,131 - 5824 - Logger1 - DEBUG - p2
2017-12-15 15:05:22,131 - 5824 - Logger1 - DEBUG - p3
2017-12-15 15:05:22,131 - 5824 - Logger1 - DEBUG - p4
2017-12-15 15:05:22,131 - 5824 - Logger1 - DEBUG - p5Junctions
2017-12-15 15:05:22,131 - 5824 - Logger1 - DEBUG - p5.1Junctions
2017-12-15 15:05:22,131 - 5824 - Logger1 - DEBUG - p6
2017-12-15 15:05:22,147 - 5824 - Logger1 - DEBUG - p71
2017-12-15 15:05:22,147 - 5824 - Logger1 - DEBUG - p8
2017-12-15 15:05:22,147 - 5824 - Logger1 - DEBUG - p9
2017-12-15 15:05:22,147 - 5824 - Logger1 - DEBUG - p13, its a node
2017-12-15 15:05:22,147 - 5824 - Logger1 - DEBUG - p14 its an isolated node
2017-12-15 15:05:22,401 - 5824 - Logger1 - DEBUG - r1
2017-12-15 15:05:22,401 - 5824 - Logger1 - DEBUG - r2
2017-12-15 15:05:22,401 - 5824 - Logger1 - DEBUG - r3
2017-12-15 15:05:22,401 - 5824 - Logger1 - DEBUG - r6 its a node
2017-12-15 15:05:22,401 - 5824 - Logger1 - DEBUG - r7 its a plain junction - updating node
2017-12-15 15:05:22,401 - 5824 - Logger1 - DEBUG - r8 done updating node
2017-12-15 15:05:22,401 - 5824 - Logger1 - DEBUG - r9 now updating link
2017-12-15 15:05:22,401 - 5824 - Logger1 - DEBUG - r10 done updating link
2017-12-15 15:05:23,878 - 5824 - Logger1 - DEBUG - p1
2017-12-15 15:05:23,878 - 5824 - Logger1 - DEBUG - p2
2017-12-15 15:05:23,878 - 5824 - Logger1 - DEBUG - p3
2017-12-15 15:05:23,878 - 5824 - Logger1 - DEBUG - p4
2017-12-15 15:05:23,878 - 5824 - Logger1 - DEBUG - p5Junctions
2017-12-15 15:05:23,878 - 5824 - Logger1 - DEBUG - p5.1Junctions
2017-12-15 15:05:23,878 - 5824 - Logger1 - DEBUG - p6
2017-12-15 15:05:23,878 - 5824 - Logger1 - DEBUG - p75
2017-12-15 15:05:23,878 - 5824 - Logger1 - DEBUG - p8
2017-12-15 15:05:23,894 - 5824 - Logger1 - DEBUG - p9
2017-12-15 15:05:23,894 - 5824 - Logger1 - DEBUG - p13, its a node
2017-12-15 15:05:23,894 - 5824 - Logger1 - DEBUG - p15
2017-12-15 15:05:23,894 - 5824 - Logger1 - DEBUG - p16
2017-12-15 15:05:23,894 - 5824 - Logger1 - DEBUG - p17
2017-12-15 15:05:24,279 - 5824 - Logger1 - DEBUG - r1
2017-12-15 15:05:24,279 - 5824 - Logger1 - DEBUG - r2
2017-12-15 15:05:24,279 - 5824 - Logger1 - DEBUG - r3
2017-12-15 15:05:24,279 - 5824 - Logger1 - DEBUG - r6 its a node
2017-12-15 15:05:24,279 - 5824 - Logger1 - DEBUG - r7 its a plain junction - updating node
2017-12-15 15:05:24,279 - 5824 - Logger1 - DEBUG - r8 done updating node
2017-12-15 15:05:24,279 - 5824 - Logger1 - DEBUG - r9 now updating link
2017-12-15 15:05:24,279 - 5824 - Logger1 - DEBUG - r10 done updating link
2017-12-15 15:05:25,698 - 5824 - Logger1 - DEBUG - p1
2017-12-15 15:05:25,698 - 5824 - Logger1 - DEBUG - p2
2017-12-15 15:05:25,698 - 5824 - Logger1 - DEBUG - p3
2017-12-15 15:05:25,698 - 5824 - Logger1 - DEBUG - p4
2017-12-15 15:05:25,698 - 5824 - Logger1 - DEBUG - p5Junctions
2017-12-15 15:05:25,698 - 5824 - Logger1 - DEBUG - p5.1Junctions
2017-12-15 15:05:25,698 - 5824 - Logger1 - DEBUG - p6
2017-12-15 15:05:25,714 - 5824 - Logger1 - DEBUG - p72
2017-12-15 15:05:25,714 - 5824 - Logger1 - DEBUG - p8
2017-12-15 15:05:25,714 - 5824 - Logger1 - DEBUG - p9
2017-12-15 15:05:25,714 - 5824 - Logger1 - DEBUG - p13, its a node
2017-12-15 15:05:25,714 - 5824 - Logger1 - DEBUG - p15
2017-12-15 15:05:25,714 - 5824 - Logger1 - DEBUG - p16
2017-12-15 15:05:25,714 - 5824 - Logger1 - DEBUG - p17
2017-12-15 15:05:25,914 - 5824 - Logger1 - DEBUG - r1
2017-12-15 15:05:25,914 - 5824 - Logger1 - DEBUG - r2
2017-12-15 15:05:25,914 - 5824 - Logger1 - DEBUG - r3
2017-12-15 15:05:25,914 - 5824 - Logger1 - DEBUG - r6 its a node
2017-12-15 15:05:25,914 - 5824 - Logger1 - DEBUG - r7 its a plain junction - updating node
2017-12-15 15:05:25,914 - 5824 - Logger1 - DEBUG - r8 done updating node
2017-12-15 15:05:25,914 - 5824 - Logger1 - DEBUG - r9 now updating link
2017-12-15 15:05:25,914 - 5824 - Logger1 - DEBUG - r10 done updating link
2017-12-15 15:05:28,036 - 5824 - Logger1 - DEBUG - p1
2017-12-15 15:05:31,311 - 5824 - Logger1 - DEBUG - p1
2017-12-15 15:05:31,311 - 5824 - Logger1 - DEBUG - p2
2017-12-15 15:05:31,311 - 5824 - Logger1 - DEBUG - p3
2017-12-15 15:05:31,312 - 5824 - Logger1 - DEBUG - p4
2017-12-15 15:05:31,312 - 5824 - Logger1 - DEBUG - p5Junctions
2017-12-15 15:05:31,312 - 5824 - Logger1 - DEBUG - p5.1Junctions
2017-12-15 15:05:31,312 - 5824 - Logger1 - DEBUG - p6
2017-12-15 15:05:31,312 - 5824 - Logger1 - DEBUG - p75
2017-12-15 15:05:31,312 - 5824 - Logger1 - DEBUG - p8
2017-12-15 15:05:31,328 - 5824 - Logger1 - DEBUG - p9
2017-12-15 15:05:31,328 - 5824 - Logger1 - DEBUG - p13, its a node
2017-12-15 15:05:31,328 - 5824 - Logger1 - DEBUG - p15
2017-12-15 15:05:31,328 - 5824 - Logger1 - DEBUG - p16
2017-12-15 15:05:31,328 - 5824 - Logger1 - DEBUG - p17
2017-12-15 15:05:32,132 - 5824 - Logger1 - DEBUG - r1
2017-12-15 15:05:32,132 - 5824 - Logger1 - DEBUG - r2
2017-12-15 15:05:32,132 - 5824 - Logger1 - DEBUG - r3
2017-12-15 15:05:32,132 - 5824 - Logger1 - DEBUG - r6 its a node
2017-12-15 15:05:32,132 - 5824 - Logger1 - DEBUG - r7 its a plain junction - updating node
2017-12-15 15:05:32,132 - 5824 - Logger1 - DEBUG - r8 done updating node
2017-12-15 15:05:32,132 - 5824 - Logger1 - DEBUG - r9 now updating link
2017-12-15 15:05:32,132 - 5824 - Logger1 - DEBUG - r10 done updating link
2017-12-15 15:05:33,924 - 5824 - Logger1 - DEBUG - p1
2017-12-15 15:05:35,747 - 5824 - Logger1 - DEBUG - p1
2017-12-15 15:05:35,747 - 5824 - Logger1 - DEBUG - p2
2017-12-15 15:05:35,747 - 5824 - Logger1 - DEBUG - p3
2017-12-15 15:05:35,747 - 5824 - Logger1 - DEBUG - p4
2017-12-15 15:05:35,747 - 5824 - Logger1 - DEBUG - p5Junctions
2017-12-15 15:05:35,747 - 5824 - Logger1 - DEBUG - p5.1Junctions
2017-12-15 15:05:35,763 - 5824 - Logger1 - DEBUG - p6
2017-12-15 15:05:35,763 - 5824 - Logger1 - DEBUG - p75
2017-12-15 15:05:35,763 - 5824 - Logger1 - DEBUG - p8
2017-12-15 15:05:35,763 - 5824 - Logger1 - DEBUG - p9
2017-12-15 15:05:35,763 - 5824 - Logger1 - DEBUG - p13, its a node
2017-12-15 15:05:35,763 - 5824 - Logger1 - DEBUG - p15
2017-12-15 15:05:35,763 - 5824 - Logger1 - DEBUG - p16
2017-12-15 15:05:35,779 - 5824 - Logger1 - DEBUG - p17
2017-12-15 15:05:36,210 - 5824 - Logger1 - DEBUG - r1
2017-12-15 15:05:36,210 - 5824 - Logger1 - DEBUG - r2
2017-12-15 15:05:36,210 - 5824 - Logger1 - DEBUG - r3
2017-12-15 15:05:36,210 - 5824 - Logger1 - DEBUG - r6 its a node
2017-12-15 15:05:36,210 - 5824 - Logger1 - DEBUG - r7 its a plain junction - updating node
2017-12-15 15:05:36,210 - 5824 - Logger1 - DEBUG - r8 done updating node
2017-12-15 15:05:36,210 - 5824 - Logger1 - DEBUG - r9 now updating link
2017-12-15 15:05:36,229 - 5824 - Logger1 - DEBUG - r10 done updating link
2017-12-15 15:05:51,242 - 5824 - Logger1 - DEBUG - ---------------------------------------------------------
2017-12-15 15:05:51,796 - 5824 - Logger1 - DEBUG - ---------------------------------------------------------
2017-12-15 15:06:01,982 - 5824 - Logger1 - DEBUG - p1
2017-12-15 15:06:01,982 - 5824 - Logger1 - DEBUG - p2
2017-12-15 15:06:01,982 - 5824 - Logger1 - DEBUG - p3
2017-12-15 15:06:01,982 - 5824 - Logger1 - DEBUG - p4
2017-12-15 15:06:01,982 - 5824 - Logger1 - DEBUG - p5Pipes
2017-12-15 15:06:01,982 - 5824 - Logger1 - DEBUG - p5.1Pipes
2017-12-15 15:06:01,997 - 5824 - Logger1 - DEBUG - p6
2017-12-15 15:06:01,997 - 5824 - Logger1 - DEBUG - p74
2017-12-15 15:06:01,997 - 5824 - Logger1 - DEBUG - p8
2017-12-15 15:06:01,997 - 5824 - Logger1 - DEBUG - p9
2017-12-15 15:06:01,997 - 5824 - Logger1 - DEBUG - p13, its a node
2017-12-15 15:06:01,997 - 5824 - Logger1 - DEBUG - p15
2017-12-15 15:06:01,997 - 5824 - Logger1 - DEBUG - p16
2017-12-15 15:06:01,997 - 5824 - Logger1 - DEBUG - p17
2017-12-15 15:06:02,351 - 5824 - Logger1 - DEBUG - r1
2017-12-15 15:06:02,351 - 5824 - Logger1 - DEBUG - r2
2017-12-15 15:06:02,351 - 5824 - Logger1 - DEBUG - r3
2017-12-15 15:06:02,351 - 5824 - Logger1 - DEBUG - r6 its a node
2017-12-15 15:06:02,351 - 5824 - Logger1 - DEBUG - r7 its a plain junction - updating node
2017-12-15 15:06:02,367 - 5824 - Logger1 - DEBUG - r8 done updating node
2017-12-15 15:06:02,367 - 5824 - Logger1 - DEBUG - r9 now updating link
2017-12-15 15:06:02,367 - 5824 - Logger1 - DEBUG - r10 done updating link
2017-12-15 15:06:06,237 - 5824 - Logger1 - DEBUG - p1
2017-12-15 15:06:06,237 - 5824 - Logger1 - DEBUG - p2
2017-12-15 15:06:06,237 - 5824 - Logger1 - DEBUG - p3
2017-12-15 15:06:06,237 - 5824 - Logger1 - DEBUG - p4
2017-12-15 15:06:06,237 - 5824 - Logger1 - DEBUG - p5Pipes
2017-12-15 15:06:06,237 - 5824 - Logger1 - DEBUG - p5.1Pipes
2017-12-15 15:06:06,237 - 5824 - Logger1 - DEBUG - p6
2017-12-15 15:06:06,253 - 5824 - Logger1 - DEBUG - p75
2017-12-15 15:06:06,253 - 5824 - Logger1 - DEBUG - p8
2017-12-15 15:06:06,253 - 5824 - Logger1 - DEBUG - p9
2017-12-15 15:06:06,253 - 5824 - Logger1 - DEBUG - p13, its a node
2017-12-15 15:06:06,253 - 5824 - Logger1 - DEBUG - p15
2017-12-15 15:06:06,253 - 5824 - Logger1 - DEBUG - p16
2017-12-15 15:06:06,253 - 5824 - Logger1 - DEBUG - p17
2017-12-15 15:06:07,444 - 5824 - Logger1 - DEBUG - r1
2017-12-15 15:06:07,444 - 5824 - Logger1 - DEBUG - r2
2017-12-15 15:06:07,444 - 5824 - Logger1 - DEBUG - r3
2017-12-15 15:06:07,444 - 5824 - Logger1 - DEBUG - r6 its a node
2017-12-15 15:06:07,444 - 5824 - Logger1 - DEBUG - r7 its a plain junction - updating node
2017-12-15 15:06:07,444 - 5824 - Logger1 - DEBUG - r8 done updating node
2017-12-15 15:06:07,444 - 5824 - Logger1 - DEBUG - r9 now updating link
2017-12-15 15:06:07,444 - 5824 - Logger1 - DEBUG - r10 done updating link
2017-12-15 15:06:10,855 - 5824 - Logger1 - DEBUG - p1
2017-12-15 15:06:10,855 - 5824 - Logger1 - DEBUG - p2
2017-12-15 15:06:10,871 - 5824 - Logger1 - DEBUG - p3
2017-12-15 15:06:10,871 - 5824 - Logger1 - DEBUG - p4
2017-12-15 15:06:10,872 - 5824 - Logger1 - DEBUG - p5Pipes
2017-12-15 15:06:10,872 - 5824 - Logger1 - DEBUG - p5.1Pipes
2017-12-15 15:06:10,878 - 5824 - Logger1 - DEBUG - p6
2017-12-15 15:06:10,878 - 5824 - Logger1 - DEBUG - p73
2017-12-15 15:06:10,878 - 5824 - Logger1 - DEBUG - p8
2017-12-15 15:06:10,878 - 5824 - Logger1 - DEBUG - p9
2017-12-15 15:06:10,878 - 5824 - Logger1 - DEBUG - p13, its a node
2017-12-15 15:06:10,878 - 5824 - Logger1 - DEBUG - p15
2017-12-15 15:06:10,878 - 5824 - Logger1 - DEBUG - p16
2017-12-15 15:06:10,878 - 5824 - Logger1 - DEBUG - p17
2017-12-15 15:06:12,332 - 5824 - Logger1 - DEBUG - r1
2017-12-15 15:06:12,332 - 5824 - Logger1 - DEBUG - r2
2017-12-15 15:06:12,332 - 5824 - Logger1 - DEBUG - r3
2017-12-15 15:06:12,332 - 5824 - Logger1 - DEBUG - r6 its a node
2017-12-15 15:06:12,332 - 5824 - Logger1 - DEBUG - r7 its a plain junction - updating node
2017-12-15 15:06:12,332 - 5824 - Logger1 - DEBUG - r8 done updating node
2017-12-15 15:06:12,332 - 5824 - Logger1 - DEBUG - r9 now updating link
2017-12-15 15:06:12,346 - 5824 - Logger1 - DEBUG - r10 done updating link
2017-12-15 15:06:17,237 - 5824 - Logger1 - DEBUG - p1
2017-12-15 15:06:17,237 - 5824 - Logger1 - DEBUG - p2
2017-12-15 15:06:17,237 - 5824 - Logger1 - DEBUG - p3
2017-12-15 15:06:17,237 - 5824 - Logger1 - DEBUG - p4
2017-12-15 15:06:17,237 - 5824 - Logger1 - DEBUG - p5Pipes
2017-12-15 15:06:17,237 - 5824 - Logger1 - DEBUG - p5.1Pipes
2017-12-15 15:06:17,237 - 5824 - Logger1 - DEBUG - p6
2017-12-15 15:06:17,237 - 5824 - Logger1 - DEBUG - p72
2017-12-15 15:06:17,237 - 5824 - Logger1 - DEBUG - p8
2017-12-15 15:06:17,237 - 5824 - Logger1 - DEBUG - p9
2017-12-15 15:06:17,237 - 5824 - Logger1 - DEBUG - p13, its a node
2017-12-15 15:06:17,237 - 5824 - Logger1 - DEBUG - p15
2017-12-15 15:06:17,237 - 5824 - Logger1 - DEBUG - p16
2017-12-15 15:06:17,237 - 5824 - Logger1 - DEBUG - p17
2017-12-15 15:06:17,839 - 5824 - Logger1 - DEBUG - r1
2017-12-15 15:06:17,839 - 5824 - Logger1 - DEBUG - r2
2017-12-15 15:06:17,839 - 5824 - Logger1 - DEBUG - r3
2017-12-15 15:06:17,839 - 5824 - Logger1 - DEBUG - r6 its a node
2017-12-15 15:06:17,839 - 5824 - Logger1 - DEBUG - r7 its a plain junction - updating node
2017-12-15 15:06:17,839 - 5824 - Logger1 - DEBUG - r8 done updating node
2017-12-15 15:06:17,839 - 5824 - Logger1 - DEBUG - r9 now updating link
2017-12-15 15:06:17,839 - 5824 - Logger1 - DEBUG - r10 done updating link
2017-12-15 15:06:21,140 - 5824 - Logger1 - DEBUG - p1
2017-12-15 15:06:21,140 - 5824 - Logger1 - DEBUG - p2
2017-12-15 15:06:21,140 - 5824 - Logger1 - DEBUG - p3
2017-12-15 15:06:21,140 - 5824 - Logger1 - DEBUG - p4
2017-12-15 15:06:21,140 - 5824 - Logger1 - DEBUG - p5Junctions
2017-12-15 15:06:21,140 - 5824 - Logger1 - DEBUG - p5.1Junctions
2017-12-15 15:06:21,155 - 5824 - Logger1 - DEBUG - p6
2017-12-15 15:06:21,155 - 5824 - Logger1 - DEBUG - p75
2017-12-15 15:06:21,155 - 5824 - Logger1 - DEBUG - p8
2017-12-15 15:06:21,155 - 5824 - Logger1 - DEBUG - p9
2017-12-15 15:06:21,155 - 5824 - Logger1 - DEBUG - p13, its a node
2017-12-15 15:06:21,155 - 5824 - Logger1 - DEBUG - p14 its an isolated node
2017-12-15 15:06:21,387 - 5824 - Logger1 - DEBUG - r1
2017-12-15 15:06:21,387 - 5824 - Logger1 - DEBUG - r2
2017-12-15 15:06:21,387 - 5824 - Logger1 - DEBUG - r3
2017-12-15 15:06:21,387 - 5824 - Logger1 - DEBUG - r6 its a node
2017-12-15 15:06:21,387 - 5824 - Logger1 - DEBUG - r7 its a plain junction - updating node
2017-12-15 15:06:21,387 - 5824 - Logger1 - DEBUG - r8 done updating node
2017-12-15 15:06:21,387 - 5824 - Logger1 - DEBUG - r9 now updating link
2017-12-15 15:06:21,387 - 5824 - Logger1 - DEBUG - r10 done updating link
2017-12-15 15:08:08,239 - 5824 - Logger1 - DEBUG - ---------------------------------------------------------
2017-12-15 15:08:08,809 - 5824 - Logger1 - DEBUG - ---------------------------------------------------------
2017-12-15 15:08:19,688 - 5824 - Logger1 - DEBUG - p1
2017-12-15 15:08:19,688 - 5824 - Logger1 - DEBUG - p2
2017-12-15 15:08:19,688 - 5824 - Logger1 - DEBUG - p3
2017-12-15 15:08:19,688 - 5824 - Logger1 - DEBUG - p4
2017-12-15 15:08:19,688 - 5824 - Logger1 - DEBUG - p5Junctions
2017-12-15 15:08:19,688 - 5824 - Logger1 - DEBUG - p5.1Junctions
2017-12-15 15:08:19,688 - 5824 - Logger1 - DEBUG - p75
2017-12-15 15:08:19,688 - 5824 - Logger1 - DEBUG - p8
2017-12-15 15:08:19,688 - 5824 - Logger1 - DEBUG - p9
2017-12-15 15:08:19,688 - 5824 - Logger1 - DEBUG - p13, its a node
2017-12-15 15:08:19,688 - 5824 - Logger1 - DEBUG - p15
2017-12-15 15:08:19,688 - 5824 - Logger1 - DEBUG - p16
2017-12-15 15:08:19,688 - 5824 - Logger1 - DEBUG - p17
2017-12-15 15:08:20,220 - 5824 - Logger1 - DEBUG - r1
2017-12-15 15:08:20,220 - 5824 - Logger1 - DEBUG - r2
2017-12-15 15:08:20,220 - 5824 - Logger1 - DEBUG - r3
2017-12-15 15:08:20,220 - 5824 - Logger1 - DEBUG - r6 its a node
2017-12-15 15:08:20,220 - 5824 - Logger1 - DEBUG - r7 its a plain junction - updating node
2017-12-15 15:08:20,220 - 5824 - Logger1 - DEBUG - r8 done updating node
2017-12-15 15:08:20,220 - 5824 - Logger1 - DEBUG - r9 now updating link
2017-12-15 15:08:20,236 - 5824 - Logger1 - DEBUG - r10 done updating link
2017-12-15 15:08:30,403 - 5824 - Logger1 - DEBUG - p1
2017-12-15 15:08:30,403 - 5824 - Logger1 - DEBUG - p2
2017-12-15 15:08:30,403 - 5824 - Logger1 - DEBUG - p3
2017-12-15 15:08:30,403 - 5824 - Logger1 - DEBUG - p4
2017-12-15 15:08:30,403 - 5824 - Logger1 - DEBUG - p5Junctions
2017-12-15 15:08:30,403 - 5824 - Logger1 - DEBUG - p5.1Junctions
2017-12-15 15:08:30,403 - 5824 - Logger1 - DEBUG - p74
2017-12-15 15:08:30,403 - 5824 - Logger1 - DEBUG - p8
2017-12-15 15:08:30,403 - 5824 - Logger1 - DEBUG - p9
2017-12-15 15:08:30,403 - 5824 - Logger1 - DEBUG - p13, its a node
2017-12-15 15:08:30,403 - 5824 - Logger1 - DEBUG - p15
2017-12-15 15:08:30,403 - 5824 - Logger1 - DEBUG - p16
2017-12-15 15:08:30,403 - 5824 - Logger1 - DEBUG - p17
2017-12-15 15:08:30,734 - 5824 - Logger1 - DEBUG - r1
2017-12-15 15:08:30,734 - 5824 - Logger1 - DEBUG - r2
2017-12-15 15:08:30,734 - 5824 - Logger1 - DEBUG - r3
2017-12-15 15:08:30,734 - 5824 - Logger1 - DEBUG - r6 its a node
2017-12-15 15:08:30,734 - 5824 - Logger1 - DEBUG - r7 its a plain junction - updating node
2017-12-15 15:08:30,734 - 5824 - Logger1 - DEBUG - r8 done updating node
2017-12-15 15:08:30,734 - 5824 - Logger1 - DEBUG - r9 now updating link
2017-12-15 15:08:30,750 - 5824 - Logger1 - DEBUG - r10 done updating link
2017-12-15 15:08:33,401 - 5824 - Logger1 - DEBUG - p1
2017-12-15 15:08:33,401 - 5824 - Logger1 - DEBUG - p2
2017-12-15 15:08:33,401 - 5824 - Logger1 - DEBUG - p3
2017-12-15 15:08:33,401 - 5824 - Logger1 - DEBUG - p4
2017-12-15 15:08:33,401 - 5824 - Logger1 - DEBUG - p5Junctions
2017-12-15 15:08:33,401 - 5824 - Logger1 - DEBUG - p5.1Junctions
2017-12-15 15:08:33,401 - 5824 - Logger1 - DEBUG - p75
2017-12-15 15:08:33,401 - 5824 - Logger1 - DEBUG - p8
2017-12-15 15:08:33,401 - 5824 - Logger1 - DEBUG - p9
2017-12-15 15:08:33,401 - 5824 - Logger1 - DEBUG - p13, its a node
2017-12-15 15:08:33,401 - 5824 - Logger1 - DEBUG - p15
2017-12-15 15:08:33,401 - 5824 - Logger1 - DEBUG - p16
2017-12-15 15:08:33,401 - 5824 - Logger1 - DEBUG - p17
2017-12-15 15:08:33,684 - 5824 - Logger1 - DEBUG - r1
2017-12-15 15:08:33,684 - 5824 - Logger1 - DEBUG - r2
2017-12-15 15:08:33,684 - 5824 - Logger1 - DEBUG - r3
2017-12-15 15:08:33,684 - 5824 - Logger1 - DEBUG - r6 its a node
2017-12-15 15:08:33,684 - 5824 - Logger1 - DEBUG - r7 its a plain junction - updating node
2017-12-15 15:08:33,687 - 5824 - Logger1 - DEBUG - r8 done updating node
2017-12-15 15:08:33,687 - 5824 - Logger1 - DEBUG - r9 now updating link
2017-12-15 15:08:33,687 - 5824 - Logger1 - DEBUG - r10 done updating link
2017-12-15 15:08:37,135 - 5824 - Logger1 - DEBUG - p1
2017-12-15 15:08:37,135 - 5824 - Logger1 - DEBUG - p2
2017-12-15 15:08:37,135 - 5824 - Logger1 - DEBUG - p3
2017-12-15 15:08:37,135 - 5824 - Logger1 - DEBUG - p4
2017-12-15 15:08:37,135 - 5824 - Logger1 - DEBUG - p5Junctions
2017-12-15 15:08:37,135 - 5824 - Logger1 - DEBUG - p5.1Junctions
2017-12-15 15:08:37,135 - 5824 - Logger1 - DEBUG - p73
2017-12-15 15:08:37,135 - 5824 - Logger1 - DEBUG - p8
2017-12-15 15:08:37,135 - 5824 - Logger1 - DEBUG - p9
2017-12-15 15:08:37,135 - 5824 - Logger1 - DEBUG - p13, its a node
2017-12-15 15:08:37,135 - 5824 - Logger1 - DEBUG - p15
2017-12-15 15:08:37,135 - 5824 - Logger1 - DEBUG - p16
2017-12-15 15:08:37,135 - 5824 - Logger1 - DEBUG - p17
2017-12-15 15:08:37,384 - 5824 - Logger1 - DEBUG - r1
2017-12-15 15:08:37,384 - 5824 - Logger1 - DEBUG - r2
2017-12-15 15:08:37,384 - 5824 - Logger1 - DEBUG - r3
2017-12-15 15:08:37,384 - 5824 - Logger1 - DEBUG - r6 its a node
2017-12-15 15:08:37,384 - 5824 - Logger1 - DEBUG - r7 its a plain junction - updating node
2017-12-15 15:08:37,384 - 5824 - Logger1 - DEBUG - r8 done updating node
2017-12-15 15:08:37,384 - 5824 - Logger1 - DEBUG - r9 now updating link
2017-12-15 15:08:37,384 - 5824 - Logger1 - DEBUG - r10 done updating link
2017-12-15 15:08:51,249 - 5824 - Logger1 - DEBUG - p1
2017-12-15 15:08:51,249 - 5824 - Logger1 - DEBUG - p2
2017-12-15 15:08:51,249 - 5824 - Logger1 - DEBUG - p3
2017-12-15 15:08:51,249 - 5824 - Logger1 - DEBUG - p4
2017-12-15 15:08:51,249 - 5824 - Logger1 - DEBUG - p5Junctions
2017-12-15 15:08:51,249 - 5824 - Logger1 - DEBUG - p5.1Junctions
2017-12-15 15:08:51,249 - 5824 - Logger1 - DEBUG - p75
2017-12-15 15:08:51,249 - 5824 - Logger1 - DEBUG - p8
2017-12-15 15:08:51,249 - 5824 - Logger1 - DEBUG - p9
2017-12-15 15:08:51,249 - 5824 - Logger1 - DEBUG - p13, its a node
2017-12-15 15:08:51,249 - 5824 - Logger1 - DEBUG - p15
2017-12-15 15:08:51,249 - 5824 - Logger1 - DEBUG - p16
2017-12-15 15:08:51,249 - 5824 - Logger1 - DEBUG - p17
2017-12-15 15:08:51,635 - 5824 - Logger1 - DEBUG - r1
2017-12-15 15:08:51,635 - 5824 - Logger1 - DEBUG - r2
2017-12-15 15:08:51,635 - 5824 - Logger1 - DEBUG - r3
2017-12-15 15:08:51,635 - 5824 - Logger1 - DEBUG - r6 its a node
2017-12-15 15:08:51,635 - 5824 - Logger1 - DEBUG - r7 its a plain junction - updating node
2017-12-15 15:08:51,635 - 5824 - Logger1 - DEBUG - r8 done updating node
2017-12-15 15:08:51,635 - 5824 - Logger1 - DEBUG - r9 now updating link
2017-12-15 15:08:51,635 - 5824 - Logger1 - DEBUG - r10 done updating link
2017-12-15 15:08:57,382 - 5824 - Logger1 - DEBUG - p1
2017-12-15 15:08:57,382 - 5824 - Logger1 - DEBUG - p2
2017-12-15 15:08:57,382 - 5824 - Logger1 - DEBUG - p3
2017-12-15 15:08:57,382 - 5824 - Logger1 - DEBUG - p4
2017-12-15 15:08:57,382 - 5824 - Logger1 - DEBUG - p5Junctions
2017-12-15 15:08:57,382 - 5824 - Logger1 - DEBUG - p5.1Junctions
2017-12-15 15:08:57,382 - 5824 - Logger1 - DEBUG - p73
2017-12-15 15:08:57,382 - 5824 - Logger1 - DEBUG - p8
2017-12-15 15:08:57,382 - 5824 - Logger1 - DEBUG - p9
2017-12-15 15:08:57,382 - 5824 - Logger1 - DEBUG - p13, its a node
2017-12-15 15:08:57,382 - 5824 - Logger1 - DEBUG - p15
2017-12-15 15:08:57,382 - 5824 - Logger1 - DEBUG - p16
2017-12-15 15:08:57,382 - 5824 - Logger1 - DEBUG - p17
2017-12-15 15:08:57,737 - 5824 - Logger1 - DEBUG - r1
2017-12-15 15:08:57,737 - 5824 - Logger1 - DEBUG - r2
2017-12-15 15:08:57,737 - 5824 - Logger1 - DEBUG - r3
2017-12-15 15:08:57,737 - 5824 - Logger1 - DEBUG - r6 its a node
2017-12-15 15:08:57,737 - 5824 - Logger1 - DEBUG - r7 its a plain junction - updating node
2017-12-15 15:08:57,737 - 5824 - Logger1 - DEBUG - r8 done updating node
2017-12-15 15:08:57,737 - 5824 - Logger1 - DEBUG - r9 now updating link
2017-12-15 15:08:57,737 - 5824 - Logger1 - DEBUG - r10 done updating link
2017-12-15 15:08:58,555 - 5824 - Logger1 - DEBUG - p1
2017-12-15 15:08:58,555 - 5824 - Logger1 - DEBUG - p2
2017-12-15 15:08:58,555 - 5824 - Logger1 - DEBUG - p3
2017-12-15 15:08:58,555 - 5824 - Logger1 - DEBUG - p4
2017-12-15 15:08:58,555 - 5824 - Logger1 - DEBUG - p5Junctions
2017-12-15 15:08:58,555 - 5824 - Logger1 - DEBUG - p5.1Junctions
2017-12-15 15:08:58,555 - 5824 - Logger1 - DEBUG - p74
2017-12-15 15:08:58,555 - 5824 - Logger1 - DEBUG - p8
2017-12-15 15:08:58,555 - 5824 - Logger1 - DEBUG - p9
2017-12-15 15:08:58,571 - 5824 - Logger1 - DEBUG - p13, its a node
2017-12-15 15:08:58,571 - 5824 - Logger1 - DEBUG - p15
2017-12-15 15:08:58,571 - 5824 - Logger1 - DEBUG - p16
2017-12-15 15:08:58,571 - 5824 - Logger1 - DEBUG - p17
2017-12-15 15:08:58,857 - 5824 - Logger1 - DEBUG - r1
2017-12-15 15:08:58,857 - 5824 - Logger1 - DEBUG - r2
2017-12-15 15:08:58,857 - 5824 - Logger1 - DEBUG - r3
2017-12-15 15:08:58,857 - 5824 - Logger1 - DEBUG - r6 its a node
2017-12-15 15:08:58,857 - 5824 - Logger1 - DEBUG - r7 its a plain junction - updating node
2017-12-15 15:08:58,857 - 5824 - Logger1 - DEBUG - r8 done updating node
2017-12-15 15:08:58,857 - 5824 - Logger1 - DEBUG - r9 now updating link
2017-12-15 15:08:58,857 - 5824 - Logger1 - DEBUG - r10 done updating link
2017-12-15 15:09:06,420 - 5824 - Logger1 - DEBUG - ---------------------------------------------------------
2017-12-15 15:09:32,423 - 5824 - Logger1 - DEBUG - p1
2017-12-15 15:09:32,423 - 5824 - Logger1 - DEBUG - p2
2017-12-15 15:09:32,423 - 5824 - Logger1 - DEBUG - p3
2017-12-15 15:09:32,423 - 5824 - Logger1 - DEBUG - p4
2017-12-15 15:09:32,423 - 5824 - Logger1 - DEBUG - p5Junctions
2017-12-15 15:09:32,423 - 5824 - Logger1 - DEBUG - p5.1Junctions
2017-12-15 15:09:32,423 - 5824 - Logger1 - DEBUG - p74
2017-12-15 15:09:32,423 - 5824 - Logger1 - DEBUG - p8
2017-12-15 15:09:32,438 - 5824 - Logger1 - DEBUG - p9
2017-12-15 15:09:32,438 - 5824 - Logger1 - DEBUG - p13, its a node
2017-12-15 15:09:32,438 - 5824 - Logger1 - DEBUG - p15
2017-12-15 15:09:32,438 - 5824 - Logger1 - DEBUG - p16
2017-12-15 15:09:32,440 - 5824 - Logger1 - DEBUG - p17
2017-12-15 15:09:32,960 - 5824 - Logger1 - DEBUG - r1
2017-12-15 15:09:32,960 - 5824 - Logger1 - DEBUG - r2
2017-12-15 15:09:32,960 - 5824 - Logger1 - DEBUG - r3
2017-12-15 15:09:32,960 - 5824 - Logger1 - DEBUG - r6 its a node
2017-12-15 15:09:32,960 - 5824 - Logger1 - DEBUG - r7 its a plain junction - updating node
2017-12-15 15:09:32,960 - 5824 - Logger1 - DEBUG - r8 done updating node
2017-12-15 15:09:32,960 - 5824 - Logger1 - DEBUG - r9 now updating link
2017-12-15 15:09:32,976 - 5824 - Logger1 - DEBUG - r10 done updating link
2017-12-15 15:09:34,180 - 5824 - Logger1 - DEBUG - p1
2017-12-15 15:09:34,180 - 5824 - Logger1 - DEBUG - p2
2017-12-15 15:09:34,180 - 5824 - Logger1 - DEBUG - p3
2017-12-15 15:09:34,180 - 5824 - Logger1 - DEBUG - p4
2017-12-15 15:09:34,180 - 5824 - Logger1 - DEBUG - p5Junctions
2017-12-15 15:09:34,180 - 5824 - Logger1 - DEBUG - p5.1Junctions
2017-12-15 15:09:34,180 - 5824 - Logger1 - DEBUG - p75
2017-12-15 15:09:34,180 - 5824 - Logger1 - DEBUG - p8
2017-12-15 15:09:34,180 - 5824 - Logger1 - DEBUG - p9
2017-12-15 15:09:34,180 - 5824 - Logger1 - DEBUG - p13, its a node
2017-12-15 15:09:34,180 - 5824 - Logger1 - DEBUG - p15
2017-12-15 15:09:34,180 - 5824 - Logger1 - DEBUG - p16
2017-12-15 15:09:34,180 - 5824 - Logger1 - DEBUG - p17
2017-12-15 15:09:34,512 - 5824 - Logger1 - DEBUG - r1
2017-12-15 15:09:34,512 - 5824 - Logger1 - DEBUG - r2
2017-12-15 15:09:34,512 - 5824 - Logger1 - DEBUG - r3
2017-12-15 15:09:34,512 - 5824 - Logger1 - DEBUG - r6 its a node
2017-12-15 15:09:34,512 - 5824 - Logger1 - DEBUG - r7 its a plain junction - updating node
2017-12-15 15:09:34,512 - 5824 - Logger1 - DEBUG - r8 done updating node
2017-12-15 15:09:34,512 - 5824 - Logger1 - DEBUG - r9 now updating link
2017-12-15 15:09:34,528 - 5824 - Logger1 - DEBUG - r10 done updating link
2017-12-15 15:09:35,615 - 5824 - Logger1 - DEBUG - p1
2017-12-15 15:09:35,615 - 5824 - Logger1 - DEBUG - p2
2017-12-15 15:09:35,615 - 5824 - Logger1 - DEBUG - p3
2017-12-15 15:09:35,615 - 5824 - Logger1 - DEBUG - p4
2017-12-15 15:09:35,615 - 5824 - Logger1 - DEBUG - p5Junctions
2017-12-15 15:09:35,615 - 5824 - Logger1 - DEBUG - p5.1Junctions
2017-12-15 15:09:35,631 - 5824 - Logger1 - DEBUG - p73
2017-12-15 15:09:35,631 - 5824 - Logger1 - DEBUG - p8
2017-12-15 15:09:35,631 - 5824 - Logger1 - DEBUG - p9
2017-12-15 15:09:35,631 - 5824 - Logger1 - DEBUG - p13, its a node
2017-12-15 15:09:35,631 - 5824 - Logger1 - DEBUG - p15
2017-12-15 15:09:35,631 - 5824 - Logger1 - DEBUG - p16
2017-12-15 15:09:35,631 - 5824 - Logger1 - DEBUG - p17
2017-12-15 15:09:35,930 - 5824 - Logger1 - DEBUG - r1
2017-12-15 15:09:35,930 - 5824 - Logger1 - DEBUG - r2
2017-12-15 15:09:35,930 - 5824 - Logger1 - DEBUG - r3
2017-12-15 15:09:35,930 - 5824 - Logger1 - DEBUG - r6 its a node
2017-12-15 15:09:35,930 - 5824 - Logger1 - DEBUG - r7 its a plain junction - updating node
2017-12-15 15:09:35,930 - 5824 - Logger1 - DEBUG - r8 done updating node
2017-12-15 15:09:35,930 - 5824 - Logger1 - DEBUG - r9 now updating link
2017-12-15 15:09:35,930 - 5824 - Logger1 - DEBUG - r10 done updating link
2017-12-15 15:10:33,269 - 5824 - Logger1 - DEBUG - ---------------------------------------------------------
2017-12-15 15:10:33,822 - 5824 - Logger1 - DEBUG - ---------------------------------------------------------
2017-12-15 15:10:45,028 - 5824 - Logger1 - DEBUG - p1
2017-12-15 15:10:45,028 - 5824 - Logger1 - DEBUG - p2
2017-12-15 15:10:45,029 - 5824 - Logger1 - DEBUG - p3
2017-12-15 15:10:45,029 - 5824 - Logger1 - DEBUG - p4
2017-12-15 15:10:45,029 - 5824 - Logger1 - DEBUG - p5Junctions
2017-12-15 15:10:45,029 - 5824 - Logger1 - DEBUG - p5.1Junctions
2017-12-15 15:10:45,030 - 5824 - Logger1 - DEBUG - p74
2017-12-15 15:10:45,030 - 5824 - Logger1 - DEBUG - p8
2017-12-15 15:10:45,030 - 5824 - Logger1 - DEBUG - p9
2017-12-15 15:10:45,030 - 5824 - Logger1 - DEBUG - p13, its a node
2017-12-15 15:10:45,030 - 5824 - Logger1 - DEBUG - p15
2017-12-15 15:10:45,030 - 5824 - Logger1 - DEBUG - p16
2017-12-15 15:10:45,030 - 5824 - Logger1 - DEBUG - p17
2017-12-15 15:10:45,296 - 5824 - Logger1 - DEBUG - r1
2017-12-15 15:10:45,296 - 5824 - Logger1 - DEBUG - r2
2017-12-15 15:10:45,296 - 5824 - Logger1 - DEBUG - r3
2017-12-15 15:10:45,296 - 5824 - Logger1 - DEBUG - r6 its a node
2017-12-15 15:10:45,296 - 5824 - Logger1 - DEBUG - r7 its a plain junction - updating node
2017-12-15 15:10:45,296 - 5824 - Logger1 - DEBUG - r8 done updating node
2017-12-15 15:10:45,296 - 5824 - Logger1 - DEBUG - r9 now updating link
2017-12-15 15:10:45,296 - 5824 - Logger1 - DEBUG - r10 done updating link
2017-12-15 15:10:47,000 - 5824 - Logger1 - DEBUG - p1
2017-12-15 15:10:47,000 - 5824 - Logger1 - DEBUG - p2
2017-12-15 15:10:47,000 - 5824 - Logger1 - DEBUG - p3
2017-12-15 15:10:47,000 - 5824 - Logger1 - DEBUG - p4
2017-12-15 15:10:47,000 - 5824 - Logger1 - DEBUG - p5Junctions
2017-12-15 15:10:47,000 - 5824 - Logger1 - DEBUG - p5.1Junctions
2017-12-15 15:10:47,000 - 5824 - Logger1 - DEBUG - p72
2017-12-15 15:10:47,000 - 5824 - Logger1 - DEBUG - p8
2017-12-15 15:10:47,016 - 5824 - Logger1 - DEBUG - p9
2017-12-15 15:10:47,016 - 5824 - Logger1 - DEBUG - p13, its a node
2017-12-15 15:10:47,016 - 5824 - Logger1 - DEBUG - p15
2017-12-15 15:10:47,016 - 5824 - Logger1 - DEBUG - p16
2017-12-15 15:10:47,016 - 5824 - Logger1 - DEBUG - p17
2017-12-15 15:10:47,362 - 5824 - Logger1 - DEBUG - r1
2017-12-15 15:10:47,378 - 5824 - Logger1 - DEBUG - r2
2017-12-15 15:10:47,378 - 5824 - Logger1 - DEBUG - r3
2017-12-15 15:10:47,378 - 5824 - Logger1 - DEBUG - r6 its a node
2017-12-15 15:10:47,378 - 5824 - Logger1 - DEBUG - r7 its a plain junction - updating node
2017-12-15 15:10:47,378 - 5824 - Logger1 - DEBUG - r8 done updating node
2017-12-15 15:10:47,378 - 5824 - Logger1 - DEBUG - r9 now updating link
2017-12-15 15:10:47,378 - 5824 - Logger1 - DEBUG - r10 done updating link
2017-12-15 15:10:49,066 - 5824 - Logger1 - DEBUG - p1
2017-12-15 15:10:49,066 - 5824 - Logger1 - DEBUG - p2
2017-12-15 15:10:49,066 - 5824 - Logger1 - DEBUG - p3
2017-12-15 15:10:49,066 - 5824 - Logger1 - DEBUG - p4
2017-12-15 15:10:49,066 - 5824 - Logger1 - DEBUG - p5Junctions
2017-12-15 15:10:49,066 - 5824 - Logger1 - DEBUG - p5.1Junctions
2017-12-15 15:10:49,066 - 5824 - Logger1 - DEBUG - p73
2017-12-15 15:10:49,066 - 5824 - Logger1 - DEBUG - p8
2017-12-15 15:10:49,066 - 5824 - Logger1 - DEBUG - p9
2017-12-15 15:10:49,066 - 5824 - Logger1 - DEBUG - p13, its a node
2017-12-15 15:10:49,066 - 5824 - Logger1 - DEBUG - p15
2017-12-15 15:10:49,066 - 5824 - Logger1 - DEBUG - p16
2017-12-15 15:10:49,066 - 5824 - Logger1 - DEBUG - p17
2017-12-15 15:10:49,801 - 5824 - Logger1 - DEBUG - r1
2017-12-15 15:10:49,801 - 5824 - Logger1 - DEBUG - r2
2017-12-15 15:10:49,801 - 5824 - Logger1 - DEBUG - r3
2017-12-15 15:10:49,801 - 5824 - Logger1 - DEBUG - r6 its a node
2017-12-15 15:10:49,801 - 5824 - Logger1 - DEBUG - r7 its a plain junction - updating node
2017-12-15 15:10:49,801 - 5824 - Logger1 - DEBUG - r8 done updating node
2017-12-15 15:10:49,801 - 5824 - Logger1 - DEBUG - r9 now updating link
2017-12-15 15:10:49,815 - 5824 - Logger1 - DEBUG - r10 done updating link
2017-12-15 15:10:50,655 - 5824 - Logger1 - DEBUG - p1
2017-12-15 15:10:50,655 - 5824 - Logger1 - DEBUG - p2
2017-12-15 15:10:50,655 - 5824 - Logger1 - DEBUG - p3
2017-12-15 15:10:50,655 - 5824 - Logger1 - DEBUG - p4
2017-12-15 15:10:50,655 - 5824 - Logger1 - DEBUG - p5Junctions
2017-12-15 15:10:50,655 - 5824 - Logger1 - DEBUG - p5.1Junctions
2017-12-15 15:10:50,655 - 5824 - Logger1 - DEBUG - p74
2017-12-15 15:10:50,655 - 5824 - Logger1 - DEBUG - p8
2017-12-15 15:10:50,655 - 5824 - Logger1 - DEBUG - p9
2017-12-15 15:10:50,655 - 5824 - Logger1 - DEBUG - p13, its a node
2017-12-15 15:10:50,655 - 5824 - Logger1 - DEBUG - p15
2017-12-15 15:10:50,655 - 5824 - Logger1 - DEBUG - p16
2017-12-15 15:10:50,655 - 5824 - Logger1 - DEBUG - p17
2017-12-15 15:10:51,055 - 5824 - Logger1 - DEBUG - r1
2017-12-15 15:10:51,055 - 5824 - Logger1 - DEBUG - r2
2017-12-15 15:10:51,055 - 5824 - Logger1 - DEBUG - r3
2017-12-15 15:10:51,055 - 5824 - Logger1 - DEBUG - r6 its a node
2017-12-15 15:10:51,055 - 5824 - Logger1 - DEBUG - r7 its a plain junction - updating node
2017-12-15 15:10:51,055 - 5824 - Logger1 - DEBUG - r8 done updating node
2017-12-15 15:10:51,055 - 5824 - Logger1 - DEBUG - r9 now updating link
2017-12-15 15:10:51,055 - 5824 - Logger1 - DEBUG - r10 done updating link
2017-12-15 15:10:51,904 - 5824 - Logger1 - DEBUG - p1
2017-12-15 15:10:51,904 - 5824 - Logger1 - DEBUG - p2
2017-12-15 15:10:51,904 - 5824 - Logger1 - DEBUG - p3
2017-12-15 15:10:51,904 - 5824 - Logger1 - DEBUG - p4
2017-12-15 15:10:51,904 - 5824 - Logger1 - DEBUG - p5Junctions
2017-12-15 15:10:51,904 - 5824 - Logger1 - DEBUG - p5.1Junctions
2017-12-15 15:10:51,904 - 5824 - Logger1 - DEBUG - p73
2017-12-15 15:10:51,904 - 5824 - Logger1 - DEBUG - p8
2017-12-15 15:10:51,904 - 5824 - Logger1 - DEBUG - p9
2017-12-15 15:10:51,904 - 5824 - Logger1 - DEBUG - p13, its a node
2017-12-15 15:10:51,904 - 5824 - Logger1 - DEBUG - p15
2017-12-15 15:10:51,904 - 5824 - Logger1 - DEBUG - p16
2017-12-15 15:10:51,904 - 5824 - Logger1 - DEBUG - p17
2017-12-15 15:10:52,188 - 5824 - Logger1 - DEBUG - r1
2017-12-15 15:10:52,188 - 5824 - Logger1 - DEBUG - r2
2017-12-15 15:10:52,188 - 5824 - Logger1 - DEBUG - r3
2017-12-15 15:10:52,188 - 5824 - Logger1 - DEBUG - r6 its a node
2017-12-15 15:10:52,188 - 5824 - Logger1 - DEBUG - r7 its a plain junction - updating node
2017-12-15 15:10:52,204 - 5824 - Logger1 - DEBUG - r8 done updating node
2017-12-15 15:10:52,204 - 5824 - Logger1 - DEBUG - r9 now updating link
2017-12-15 15:10:52,204 - 5824 - Logger1 - DEBUG - r10 done updating link
2017-12-15 15:10:52,963 - 5824 - Logger1 - DEBUG - p1
2017-12-15 15:10:52,963 - 5824 - Logger1 - DEBUG - p2
2017-12-15 15:10:52,963 - 5824 - Logger1 - DEBUG - p3
2017-12-15 15:10:52,963 - 5824 - Logger1 - DEBUG - p4
2017-12-15 15:10:52,963 - 5824 - Logger1 - DEBUG - p5Junctions
2017-12-15 15:10:52,963 - 5824 - Logger1 - DEBUG - p5.1Junctions
2017-12-15 15:10:52,963 - 5824 - Logger1 - DEBUG - p73
2017-12-15 15:10:52,963 - 5824 - Logger1 - DEBUG - p8
2017-12-15 15:10:52,963 - 5824 - Logger1 - DEBUG - p9
2017-12-15 15:10:52,963 - 5824 - Logger1 - DEBUG - p13, its a node
2017-12-15 15:10:52,963 - 5824 - Logger1 - DEBUG - p15
2017-12-15 15:10:52,963 - 5824 - Logger1 - DEBUG - p16
2017-12-15 15:10:52,963 - 5824 - Logger1 - DEBUG - p17
2017-12-15 15:10:53,911 - 5824 - Logger1 - DEBUG - r1
2017-12-15 15:10:53,911 - 5824 - Logger1 - DEBUG - r2
2017-12-15 15:10:53,911 - 5824 - Logger1 - DEBUG - r3
2017-12-15 15:10:53,911 - 5824 - Logger1 - DEBUG - r6 its a node
2017-12-15 15:10:53,911 - 5824 - Logger1 - DEBUG - r7 its a plain junction - updating node
2017-12-15 15:10:53,911 - 5824 - Logger1 - DEBUG - r8 done updating node
2017-12-15 15:10:53,911 - 5824 - Logger1 - DEBUG - r9 now updating link
2017-12-15 15:10:53,927 - 5824 - Logger1 - DEBUG - r10 done updating link
2017-12-15 15:10:55,990 - 5824 - Logger1 - DEBUG - p1
2017-12-15 15:10:55,990 - 5824 - Logger1 - DEBUG - p2
2017-12-15 15:10:55,990 - 5824 - Logger1 - DEBUG - p3
2017-12-15 15:10:55,990 - 5824 - Logger1 - DEBUG - p4
2017-12-15 15:10:55,990 - 5824 - Logger1 - DEBUG - p5Junctions
2017-12-15 15:10:55,990 - 5824 - Logger1 - DEBUG - p5.1Junctions
2017-12-15 15:10:55,990 - 5824 - Logger1 - DEBUG - p73
2017-12-15 15:10:55,990 - 5824 - Logger1 - DEBUG - p8
2017-12-15 15:10:55,990 - 5824 - Logger1 - DEBUG - p9
2017-12-15 15:10:55,990 - 5824 - Logger1 - DEBUG - p13, its a node
2017-12-15 15:10:55,990 - 5824 - Logger1 - DEBUG - p15
2017-12-15 15:10:55,990 - 5824 - Logger1 - DEBUG - p16
2017-12-15 15:10:55,990 - 5824 - Logger1 - DEBUG - p17
2017-12-15 15:10:56,808 - 5824 - Logger1 - DEBUG - r1
2017-12-15 15:10:56,808 - 5824 - Logger1 - DEBUG - r2
2017-12-15 15:10:56,808 - 5824 - Logger1 - DEBUG - r3
2017-12-15 15:10:56,808 - 5824 - Logger1 - DEBUG - r6 its a node
2017-12-15 15:10:56,808 - 5824 - Logger1 - DEBUG - r7 its a plain junction - updating node
2017-12-15 15:10:56,808 - 5824 - Logger1 - DEBUG - r8 done updating node
2017-12-15 15:10:56,808 - 5824 - Logger1 - DEBUG - r9 now updating link
2017-12-15 15:10:56,823 - 5824 - Logger1 - DEBUG - r10 done updating link
2017-12-15 15:10:57,342 - 5824 - Logger1 - DEBUG - p1
2017-12-15 15:10:57,342 - 5824 - Logger1 - DEBUG - p2
2017-12-15 15:10:57,342 - 5824 - Logger1 - DEBUG - p3
2017-12-15 15:10:57,342 - 5824 - Logger1 - DEBUG - p4
2017-12-15 15:10:57,342 - 5824 - Logger1 - DEBUG - p5Junctions
2017-12-15 15:10:57,342 - 5824 - Logger1 - DEBUG - p5.1Junctions
2017-12-15 15:10:57,342 - 5824 - Logger1 - DEBUG - p74
2017-12-15 15:10:57,342 - 5824 - Logger1 - DEBUG - p8
2017-12-15 15:10:57,358 - 5824 - Logger1 - DEBUG - p9
2017-12-15 15:10:57,358 - 5824 - Logger1 - DEBUG - p13, its a node
2017-12-15 15:10:57,358 - 5824 - Logger1 - DEBUG - p15
2017-12-15 15:10:57,358 - 5824 - Logger1 - DEBUG - p16
2017-12-15 15:10:57,358 - 5824 - Logger1 - DEBUG - p17
2017-12-15 15:10:57,660 - 5824 - Logger1 - DEBUG - r1
2017-12-15 15:10:57,660 - 5824 - Logger1 - DEBUG - r2
2017-12-15 15:10:57,660 - 5824 - Logger1 - DEBUG - r3
2017-12-15 15:10:57,660 - 5824 - Logger1 - DEBUG - r6 its a node
2017-12-15 15:10:57,674 - 5824 - Logger1 - DEBUG - r7 its a plain junction - updating node
2017-12-15 15:10:57,677 - 5824 - Logger1 - DEBUG - r8 done updating node
2017-12-15 15:10:57,677 - 5824 - Logger1 - DEBUG - r9 now updating link
2017-12-15 15:10:57,681 - 5824 - Logger1 - DEBUG - r10 done updating link
2017-12-15 15:10:58,378 - 5824 - Logger1 - DEBUG - p1
2017-12-15 15:10:58,378 - 5824 - Logger1 - DEBUG - p2
2017-12-15 15:10:58,378 - 5824 - Logger1 - DEBUG - p3
2017-12-15 15:10:58,378 - 5824 - Logger1 - DEBUG - p4
2017-12-15 15:10:58,378 - 5824 - Logger1 - DEBUG - p5Junctions
2017-12-15 15:10:58,378 - 5824 - Logger1 - DEBUG - p5.1Junctions
2017-12-15 15:10:58,378 - 5824 - Logger1 - DEBUG - p73
2017-12-15 15:10:58,378 - 5824 - Logger1 - DEBUG - p8
2017-12-15 15:10:58,378 - 5824 - Logger1 - DEBUG - p9
2017-12-15 15:10:58,378 - 5824 - Logger1 - DEBUG - p13, its a node
2017-12-15 15:10:58,378 - 5824 - Logger1 - DEBUG - p15
2017-12-15 15:10:58,378 - 5824 - Logger1 - DEBUG - p16
2017-12-15 15:10:58,378 - 5824 - Logger1 - DEBUG - p17
2017-12-15 15:10:58,575 - 5824 - Logger1 - DEBUG - r1
2017-12-15 15:10:58,575 - 5824 - Logger1 - DEBUG - r2
2017-12-15 15:10:58,575 - 5824 - Logger1 - DEBUG - r3
2017-12-15 15:10:58,575 - 5824 - Logger1 - DEBUG - r6 its a node
2017-12-15 15:10:58,575 - 5824 - Logger1 - DEBUG - r7 its a plain junction - updating node
2017-12-15 15:10:58,575 - 5824 - Logger1 - DEBUG - r8 done updating node
2017-12-15 15:10:58,575 - 5824 - Logger1 - DEBUG - r9 now updating link
2017-12-15 15:10:58,575 - 5824 - Logger1 - DEBUG - r10 done updating link
2017-12-15 15:11:12,680 - 5824 - Logger1 - DEBUG - ---------------------------------------------------------
2017-12-19 16:06:50,381 - 12272 - Logger1 - DEBUG - ---------------------------------------------------------
2017-12-21 10:56:38,049 - 2632 - Logger1 - DEBUG - p1
2017-12-21 10:56:38,049 - 2632 - Logger1 - DEBUG - p2
2017-12-21 10:56:38,049 - 2632 - Logger1 - DEBUG - p3
2017-12-21 10:56:38,049 - 2632 - Logger1 - DEBUG - p4
2017-12-21 10:56:38,049 - 2632 - Logger1 - DEBUG - p5Junctions
2017-12-21 10:56:38,049 - 2632 - Logger1 - DEBUG - p5.1Junctions
2017-12-21 10:56:38,065 - 2632 - Logger1 - DEBUG - p79
2017-12-21 10:56:38,065 - 2632 - Logger1 - DEBUG - p8
2017-12-21 10:56:38,065 - 2632 - Logger1 - DEBUG - p9
2017-12-21 10:56:38,065 - 2632 - Logger1 - DEBUG - p13, its a node
2017-12-21 10:56:38,065 - 2632 - Logger1 - DEBUG - p14 its an isolated node
2017-12-21 10:56:38,549 - 2632 - Logger1 - DEBUG - r1
2017-12-21 10:56:38,549 - 2632 - Logger1 - DEBUG - r2
2017-12-21 10:56:38,565 - 2632 - Logger1 - DEBUG - r3
2017-12-21 10:56:38,565 - 2632 - Logger1 - DEBUG - r6 its a node
2017-12-21 10:56:38,565 - 2632 - Logger1 - DEBUG - r7 its a plain junction - updating node
2017-12-21 10:56:38,581 - 2632 - Logger1 - DEBUG - r8 done updating node
2017-12-21 10:56:38,581 - 2632 - Logger1 - DEBUG - r9 now updating link
2017-12-21 10:56:38,581 - 2632 - Logger1 - DEBUG - r10 done updating link
2017-12-21 10:56:41,690 - 2632 - Logger1 - DEBUG - p1
2017-12-21 10:56:41,690 - 2632 - Logger1 - DEBUG - p2
2017-12-21 10:56:41,690 - 2632 - Logger1 - DEBUG - p3
2017-12-21 10:56:41,690 - 2632 - Logger1 - DEBUG - p4
2017-12-21 10:56:41,690 - 2632 - Logger1 - DEBUG - p5Pipes
2017-12-21 10:56:41,690 - 2632 - Logger1 - DEBUG - p5.1Pipes
2017-12-21 10:56:41,690 - 2632 - Logger1 - DEBUG - p71
2017-12-21 10:56:41,690 - 2632 - Logger1 - DEBUG - p8
2017-12-21 10:56:41,690 - 2632 - Logger1 - DEBUG - p9
2017-12-21 10:56:41,690 - 2632 - Logger1 - DEBUG - p13, its a node
2017-12-21 10:56:41,690 - 2632 - Logger1 - DEBUG - p15
2017-12-21 10:56:41,690 - 2632 - Logger1 - DEBUG - p16
2017-12-21 10:56:41,704 - 2632 - Logger1 - DEBUG - p17
2017-12-21 10:56:42,236 - 2632 - Logger1 - DEBUG - r1
2017-12-21 10:56:42,236 - 2632 - Logger1 - DEBUG - r2
2017-12-21 10:56:42,236 - 2632 - Logger1 - DEBUG - r3
2017-12-21 10:56:42,236 - 2632 - Logger1 - DEBUG - r6 its a node
2017-12-21 10:56:42,236 - 2632 - Logger1 - DEBUG - r7 its a plain junction - updating node
2017-12-21 10:56:42,236 - 2632 - Logger1 - DEBUG - r8 done updating node
2017-12-21 10:56:42,236 - 2632 - Logger1 - DEBUG - r9 now updating link
2017-12-21 10:56:42,252 - 2632 - Logger1 - DEBUG - r10 done updating link
2017-12-21 10:56:44,953 - 2632 - Logger1 - DEBUG - p1
2017-12-21 10:56:44,953 - 2632 - Logger1 - DEBUG - p2
2017-12-21 10:56:44,953 - 2632 - Logger1 - DEBUG - p3
2017-12-21 10:56:44,953 - 2632 - Logger1 - DEBUG - p4
2017-12-21 10:56:44,953 - 2632 - Logger1 - DEBUG - p5Pipes
2017-12-21 10:56:44,953 - 2632 - Logger1 - DEBUG - p5.1Pipes
2017-12-21 10:56:44,953 - 2632 - Logger1 - DEBUG - p72
2017-12-21 10:56:44,953 - 2632 - Logger1 - DEBUG - p8
2017-12-21 10:56:44,953 - 2632 - Logger1 - DEBUG - p9
2017-12-21 10:56:44,953 - 2632 - Logger1 - DEBUG - p13, its a node
2017-12-21 10:56:44,953 - 2632 - Logger1 - DEBUG - p15
2017-12-21 10:56:44,953 - 2632 - Logger1 - DEBUG - p16
2017-12-21 10:56:44,953 - 2632 - Logger1 - DEBUG - p17
2017-12-21 10:56:45,453 - 2632 - Logger1 - DEBUG - r1
2017-12-21 10:56:45,469 - 2632 - Logger1 - DEBUG - r2
2017-12-21 10:56:45,469 - 2632 - Logger1 - DEBUG - r3
2017-12-21 10:56:45,469 - 2632 - Logger1 - DEBUG - r6 its a node
2017-12-21 10:56:45,469 - 2632 - Logger1 - DEBUG - r7 its a plain junction - updating node
2017-12-21 10:56:45,469 - 2632 - Logger1 - DEBUG - r8 done updating node
2017-12-21 10:56:45,469 - 2632 - Logger1 - DEBUG - r9 now updating link
2017-12-21 10:56:45,469 - 2632 - Logger1 - DEBUG - r10 done updating link
2017-12-21 10:56:49,392 - 2632 - Logger1 - DEBUG - p1
2017-12-21 10:56:51,158 - 2632 - Logger1 - DEBUG - p1
2017-12-21 10:56:51,158 - 2632 - Logger1 - DEBUG - p2
2017-12-21 10:56:51,158 - 2632 - Logger1 - DEBUG - p3
2017-12-21 10:56:51,158 - 2632 - Logger1 - DEBUG - p4
2017-12-21 10:56:51,158 - 2632 - Logger1 - DEBUG - p5Pipes
2017-12-21 10:56:51,158 - 2632 - Logger1 - DEBUG - p5.1Pipes
2017-12-21 10:56:51,158 - 2632 - Logger1 - DEBUG - p76
2017-12-21 10:56:51,158 - 2632 - Logger1 - DEBUG - p8
2017-12-21 10:56:51,158 - 2632 - Logger1 - DEBUG - p9
2017-12-21 10:56:51,158 - 2632 - Logger1 - DEBUG - p13, its a node
2017-12-21 10:56:51,158 - 2632 - Logger1 - DEBUG - p15
2017-12-21 10:56:51,158 - 2632 - Logger1 - DEBUG - p16
2017-12-21 10:56:51,158 - 2632 - Logger1 - DEBUG - p17
2017-12-21 10:56:52,049 - 2632 - Logger1 - DEBUG - r1
2017-12-21 10:56:52,049 - 2632 - Logger1 - DEBUG - r2
2017-12-21 10:56:52,049 - 2632 - Logger1 - DEBUG - r3
2017-12-21 10:56:52,049 - 2632 - Logger1 - DEBUG - r6 its a node
2017-12-21 10:56:52,049 - 2632 - Logger1 - DEBUG - r7 its a plain junction - updating node
2017-12-21 10:56:52,049 - 2632 - Logger1 - DEBUG - r8 done updating node
2017-12-21 10:56:52,049 - 2632 - Logger1 - DEBUG - r9 now updating link
2017-12-21 10:56:52,065 - 2632 - Logger1 - DEBUG - r10 done updating link
2017-12-21 10:57:18,961 - 2632 - Logger1 - DEBUG - p1
2017-12-21 10:57:18,961 - 2632 - Logger1 - DEBUG - p2
2017-12-21 10:57:18,961 - 2632 - Logger1 - DEBUG - p3
2017-12-21 10:57:18,961 - 2632 - Logger1 - DEBUG - p4
2017-12-21 10:57:18,961 - 2632 - Logger1 - DEBUG - p5Junctions
2017-12-21 10:57:18,961 - 2632 - Logger1 - DEBUG - p5.1Junctions
2017-12-21 10:57:18,961 - 2632 - Logger1 - DEBUG - p71
2017-12-21 10:57:18,961 - 2632 - Logger1 - DEBUG - p8
2017-12-21 10:57:18,961 - 2632 - Logger1 - DEBUG - p9
2017-12-21 10:57:18,961 - 2632 - Logger1 - DEBUG - p13, its a node
2017-12-21 10:57:18,961 - 2632 - Logger1 - DEBUG - p15
2017-12-21 10:57:18,961 - 2632 - Logger1 - DEBUG - p16
2017-12-21 10:57:18,961 - 2632 - Logger1 - DEBUG - p17
2017-12-21 10:57:19,555 - 2632 - Logger1 - DEBUG - r1
2017-12-21 10:57:19,555 - 2632 - Logger1 - DEBUG - r2
2017-12-21 10:57:19,555 - 2632 - Logger1 - DEBUG - r3
2017-12-21 10:57:19,555 - 2632 - Logger1 - DEBUG - r6 its a node
2017-12-21 10:57:19,555 - 2632 - Logger1 - DEBUG - r7 its a plain junction - updating node
2017-12-21 10:57:19,555 - 2632 - Logger1 - DEBUG - r8 done updating node
2017-12-21 10:57:19,555 - 2632 - Logger1 - DEBUG - r9 now updating link
2017-12-21 10:57:19,555 - 2632 - Logger1 - DEBUG - r10 done updating link
2017-12-21 10:57:21,306 - 2632 - Logger1 - DEBUG - p1
2017-12-21 10:57:21,306 - 2632 - Logger1 - DEBUG - p2
2017-12-21 10:57:21,306 - 2632 - Logger1 - DEBUG - p3
2017-12-21 10:57:21,306 - 2632 - Logger1 - DEBUG - p4
2017-12-21 10:57:21,306 - 2632 - Logger1 - DEBUG - p5Junctions
2017-12-21 10:57:21,306 - 2632 - Logger1 - DEBUG - p5.1Junctions
2017-12-21 10:57:21,306 - 2632 - Logger1 - DEBUG - p72
2017-12-21 10:57:21,306 - 2632 - Logger1 - DEBUG - p8
2017-12-21 10:57:21,306 - 2632 - Logger1 - DEBUG - p9
2017-12-21 10:57:21,306 - 2632 - Logger1 - DEBUG - p13, its a node
2017-12-21 10:57:21,306 - 2632 - Logger1 - DEBUG - p15
2017-12-21 10:57:21,306 - 2632 - Logger1 - DEBUG - p16
2017-12-21 10:57:21,306 - 2632 - Logger1 - DEBUG - p17
2017-12-21 10:57:22,276 - 2632 - Logger1 - DEBUG - r1
2017-12-21 10:57:22,276 - 2632 - Logger1 - DEBUG - r2
2017-12-21 10:57:22,276 - 2632 - Logger1 - DEBUG - r3
2017-12-21 10:57:22,276 - 2632 - Logger1 - DEBUG - r6 its a node
2017-12-21 10:57:22,276 - 2632 - Logger1 - DEBUG - r7 its a plain junction - updating node
2017-12-21 10:57:22,276 - 2632 - Logger1 - DEBUG - r8 done updating node
2017-12-21 10:57:22,276 - 2632 - Logger1 - DEBUG - r9 now updating link
2017-12-21 10:57:22,290 - 2632 - Logger1 - DEBUG - r10 done updating link
2017-12-21 10:57:46,453 - 2632 - Logger1 - DEBUG - p1
2017-12-21 10:57:46,453 - 2632 - Logger1 - DEBUG - p2
2017-12-21 10:57:46,453 - 2632 - Logger1 - DEBUG - p3
2017-12-21 10:57:46,453 - 2632 - Logger1 - DEBUG - p4
2017-12-21 10:57:46,453 - 2632 - Logger1 - DEBUG - p5Junctions
2017-12-21 10:57:46,453 - 2632 - Logger1 - DEBUG - p5.1Junctions
2017-12-21 10:57:46,453 - 2632 - Logger1 - DEBUG - p71
2017-12-21 10:57:46,453 - 2632 - Logger1 - DEBUG - p8
2017-12-21 10:57:46,453 - 2632 - Logger1 - DEBUG - p9
2017-12-21 10:57:46,453 - 2632 - Logger1 - DEBUG - p13, its a node
2017-12-21 10:57:46,453 - 2632 - Logger1 - DEBUG - p15
2017-12-21 10:57:46,453 - 2632 - Logger1 - DEBUG - p16
2017-12-21 10:57:46,469 - 2632 - Logger1 - DEBUG - p17
2017-12-21 10:57:47,016 - 2632 - Logger1 - DEBUG - r1
2017-12-21 10:57:47,016 - 2632 - Logger1 - DEBUG - r2
2017-12-21 10:57:47,016 - 2632 - Logger1 - DEBUG - r3
2017-12-21 10:57:47,016 - 2632 - Logger1 - DEBUG - r6 its a node
2017-12-21 10:57:47,016 - 2632 - Logger1 - DEBUG - r7 its a plain junction - updating node
2017-12-21 10:57:47,016 - 2632 - Logger1 - DEBUG - r8 done updating node
2017-12-21 10:57:47,016 - 2632 - Logger1 - DEBUG - r9 now updating link
2017-12-21 10:57:47,030 - 2632 - Logger1 - DEBUG - r10 done updating link
2017-12-21 10:57:48,246 - 2632 - Logger1 - DEBUG - p1
2017-12-21 10:57:48,246 - 2632 - Logger1 - DEBUG - p2
2017-12-21 10:57:48,246 - 2632 - Logger1 - DEBUG - p3
2017-12-21 10:57:48,262 - 2632 - Logger1 - DEBUG - p4
2017-12-21 10:57:48,262 - 2632 - Logger1 - DEBUG - p5Junctions
2017-12-21 10:57:48,262 - 2632 - Logger1 - DEBUG - p5.1Junctions
2017-12-21 10:57:48,262 - 2632 - Logger1 - DEBUG - p72
2017-12-21 10:57:48,262 - 2632 - Logger1 - DEBUG - p8
2017-12-21 10:57:48,262 - 2632 - Logger1 - DEBUG - p9
2017-12-21 10:57:48,262 - 2632 - Logger1 - DEBUG - p13, its a node
2017-12-21 10:57:48,262 - 2632 - Logger1 - DEBUG - p15
2017-12-21 10:57:48,262 - 2632 - Logger1 - DEBUG - p16
2017-12-21 10:57:48,262 - 2632 - Logger1 - DEBUG - p17
2017-12-21 10:57:50,855 - 2632 - Logger1 - DEBUG - r1
2017-12-21 10:57:50,855 - 2632 - Logger1 - DEBUG - r2
2017-12-21 10:57:50,855 - 2632 - Logger1 - DEBUG - r3
2017-12-21 10:57:50,855 - 2632 - Logger1 - DEBUG - r6 its a node
2017-12-21 10:57:50,855 - 2632 - Logger1 - DEBUG - r7 its a plain junction - updating node
2017-12-21 10:57:50,855 - 2632 - Logger1 - DEBUG - r8 done updating node
2017-12-21 10:57:50,855 - 2632 - Logger1 - DEBUG - r9 now updating link
2017-12-21 10:57:50,871 - 2632 - Logger1 - DEBUG - r10 done updating link
2017-12-21 10:57:52,230 - 2632 - Logger1 - DEBUG - p1
2017-12-21 10:57:52,230 - 2632 - Logger1 - DEBUG - p2
2017-12-21 10:57:52,230 - 2632 - Logger1 - DEBUG - p3
2017-12-21 10:57:52,230 - 2632 - Logger1 - DEBUG - p4
2017-12-21 10:57:52,230 - 2632 - Logger1 - DEBUG - p5Junctions
2017-12-21 10:57:52,230 - 2632 - Logger1 - DEBUG - p5.1Junctions
2017-12-21 10:57:52,230 - 2632 - Logger1 - DEBUG - p72
2017-12-21 10:57:52,230 - 2632 - Logger1 - DEBUG - p8
2017-12-21 10:57:52,230 - 2632 - Logger1 - DEBUG - p9
2017-12-21 10:57:52,230 - 2632 - Logger1 - DEBUG - p13, its a node
2017-12-21 10:57:52,230 - 2632 - Logger1 - DEBUG - p15
2017-12-21 10:57:52,230 - 2632 - Logger1 - DEBUG - p16
2017-12-21 10:57:52,230 - 2632 - Logger1 - DEBUG - p17
2017-12-21 10:57:52,746 - 2632 - Logger1 - DEBUG - r1
2017-12-21 10:57:52,746 - 2632 - Logger1 - DEBUG - r2
2017-12-21 10:57:52,746 - 2632 - Logger1 - DEBUG - r3
2017-12-21 10:57:52,746 - 2632 - Logger1 - DEBUG - r6 its a node
2017-12-21 10:57:52,746 - 2632 - Logger1 - DEBUG - r7 its a plain junction - updating node
2017-12-21 10:57:52,746 - 2632 - Logger1 - DEBUG - r8 done updating node
2017-12-21 10:57:52,746 - 2632 - Logger1 - DEBUG - r9 now updating link
2017-12-21 10:57:52,763 - 2632 - Logger1 - DEBUG - r10 done updating link
2017-12-21 10:57:59,933 - 2632 - Logger1 - DEBUG - p1
2017-12-21 10:57:59,933 - 2632 - Logger1 - DEBUG - p2
2017-12-21 10:57:59,933 - 2632 - Logger1 - DEBUG - p3
2017-12-21 10:57:59,933 - 2632 - Logger1 - DEBUG - p4
2017-12-21 10:57:59,933 - 2632 - Logger1 - DEBUG - p5Junctions
2017-12-21 10:57:59,933 - 2632 - Logger1 - DEBUG - p5.1Junctions
2017-12-21 10:57:59,933 - 2632 - Logger1 - DEBUG - p73
2017-12-21 10:57:59,933 - 2632 - Logger1 - DEBUG - p8
2017-12-21 10:57:59,933 - 2632 - Logger1 - DEBUG - p9
2017-12-21 10:57:59,933 - 2632 - Logger1 - DEBUG - p13, its a node
2017-12-21 10:57:59,933 - 2632 - Logger1 - DEBUG - p15
2017-12-21 10:57:59,933 - 2632 - Logger1 - DEBUG - p16
2017-12-21 10:57:59,933 - 2632 - Logger1 - DEBUG - p17
2017-12-21 10:58:00,355 - 2632 - Logger1 - DEBUG - r1
2017-12-21 10:58:00,355 - 2632 - Logger1 - DEBUG - r2
2017-12-21 10:58:00,355 - 2632 - Logger1 - DEBUG - r3
2017-12-21 10:58:00,355 - 2632 - Logger1 - DEBUG - r6 its a node
2017-12-21 10:58:00,355 - 2632 - Logger1 - DEBUG - r7 its a plain junction - updating node
2017-12-21 10:58:00,355 - 2632 - Logger1 - DEBUG - r8 done updating node
2017-12-21 10:58:00,355 - 2632 - Logger1 - DEBUG - r9 now updating link
2017-12-21 10:58:00,369 - 2632 - Logger1 - DEBUG - r10 done updating link
2017-12-21 11:07:23,681 - 2632 - Logger1 - DEBUG - ---------------------------------------------------------
2017-12-21 11:07:26,190 - 2632 - Logger1 - DEBUG - ---------------------------------------------------------
2017-12-21 11:07:44,743 - 2632 - Logger1 - DEBUG - p1
2017-12-21 11:07:44,743 - 2632 - Logger1 - DEBUG - p2
2017-12-21 11:07:44,743 - 2632 - Logger1 - DEBUG - p3
2017-12-21 11:07:44,743 - 2632 - Logger1 - DEBUG - p4
2017-12-21 11:07:44,743 - 2632 - Logger1 - DEBUG - p5Pipes
2017-12-21 11:07:44,743 - 2632 - Logger1 - DEBUG - p5.1Pipes
2017-12-21 11:07:44,743 - 2632 - Logger1 - DEBUG - p71
2017-12-21 11:07:44,743 - 2632 - Logger1 - DEBUG - p8
2017-12-21 11:07:44,743 - 2632 - Logger1 - DEBUG - p9
2017-12-21 11:07:44,743 - 2632 - Logger1 - DEBUG - p13, its a node
2017-12-21 11:07:44,743 - 2632 - Logger1 - DEBUG - p15
2017-12-21 11:07:44,743 - 2632 - Logger1 - DEBUG - p16
2017-12-21 11:07:45,213 - 2632 - Logger1 - DEBUG - r1
2017-12-21 11:08:27,095 - 11604 - Logger1 - DEBUG - ---------------------------------------------------------
2017-12-21 11:08:30,111 - 2632 - Logger1 - DEBUG - ---------------------------------------------------------
2017-12-21 11:08:32,160 - 2632 - Logger1 - DEBUG - ---------------------------------------------------------
2017-12-21 11:08:44,841 - 2632 - Logger1 - DEBUG - p1
2017-12-21 11:08:44,841 - 2632 - Logger1 - DEBUG - p2
2017-12-21 11:08:44,841 - 2632 - Logger1 - DEBUG - p3
2017-12-21 11:08:44,841 - 2632 - Logger1 - DEBUG - p4
2017-12-21 11:08:44,841 - 2632 - Logger1 - DEBUG - p5Junctions
2017-12-21 11:08:44,841 - 2632 - Logger1 - DEBUG - p5.1Junctions
2017-12-21 11:08:44,855 - 2632 - Logger1 - DEBUG - p71
2017-12-21 11:08:44,855 - 2632 - Logger1 - DEBUG - p8
2017-12-21 11:08:44,855 - 2632 - Logger1 - DEBUG - p9
2017-12-21 11:08:44,855 - 2632 - Logger1 - DEBUG - p13, its a node
2017-12-21 11:08:44,855 - 2632 - Logger1 - DEBUG - p15
2017-12-21 11:08:44,855 - 2632 - Logger1 - DEBUG - p16
2017-12-21 11:08:45,437 - 2632 - Logger1 - DEBUG - r1
2017-12-21 11:10:44,338 - 2632 - Logger1 - DEBUG - ---------------------------------------------------------
2017-12-21 11:10:46,617 - 2632 - Logger1 - DEBUG - ---------------------------------------------------------
2017-12-21 11:10:57,049 - 2632 - Logger1 - DEBUG - p1
2017-12-21 11:10:57,049 - 2632 - Logger1 - DEBUG - p2
2017-12-21 11:10:57,049 - 2632 - Logger1 - DEBUG - p3
2017-12-21 11:10:57,049 - 2632 - Logger1 - DEBUG - p4
2017-12-21 11:10:57,049 - 2632 - Logger1 - DEBUG - p5Junctions
2017-12-21 11:10:57,049 - 2632 - Logger1 - DEBUG - p5.1Junctions
2017-12-21 11:10:57,049 - 2632 - Logger1 - DEBUG - p71
2017-12-21 11:10:57,049 - 2632 - Logger1 - DEBUG - p8
2017-12-21 11:10:57,049 - 2632 - Logger1 - DEBUG - p9
2017-12-21 11:10:57,049 - 2632 - Logger1 - DEBUG - p13, its a node
2017-12-21 11:10:57,049 - 2632 - Logger1 - DEBUG - p15
2017-12-21 11:10:57,049 - 2632 - Logger1 - DEBUG - p16
2017-12-21 11:10:57,065 - 2632 - Logger1 - DEBUG - p17
2017-12-21 11:10:57,815 - 2632 - Logger1 - DEBUG - r1
2017-12-21 11:11:26,763 - 2632 - Logger1 - DEBUG - ---------------------------------------------------------
2017-12-21 11:11:37,707 - 2632 - Logger1 - DEBUG - p1
2017-12-21 11:11:37,707 - 2632 - Logger1 - DEBUG - p2
2017-12-21 11:11:37,707 - 2632 - Logger1 - DEBUG - p3
2017-12-21 11:11:37,707 - 2632 - Logger1 - DEBUG - p4
2017-12-21 11:11:37,707 - 2632 - Logger1 - DEBUG - p5Pipes
2017-12-21 11:11:37,707 - 2632 - Logger1 - DEBUG - p5.1Pipes
2017-12-21 11:11:37,723 - 2632 - Logger1 - DEBUG - p71
2017-12-21 11:11:37,723 - 2632 - Logger1 - DEBUG - p8
2017-12-21 11:11:37,723 - 2632 - Logger1 - DEBUG - p9
2017-12-21 11:11:37,723 - 2632 - Logger1 - DEBUG - p13, its a node
2017-12-21 11:11:37,723 - 2632 - Logger1 - DEBUG - p15
2017-12-21 11:11:37,723 - 2632 - Logger1 - DEBUG - p16
2017-12-21 11:11:37,723 - 2632 - Logger1 - DEBUG - p17
2017-12-21 11:11:38,223 - 2632 - Logger1 - DEBUG - r1
2017-12-21 11:11:45,053 - 2632 - Logger1 - DEBUG - ---------------------------------------------------------
2017-12-21 11:11:49,776 - 2632 - Logger1 - DEBUG - ---------------------------------------------------------
2017-12-21 11:12:02,584 - 2632 - Logger1 - DEBUG - p1
2017-12-21 11:12:02,584 - 2632 - Logger1 - DEBUG - p2
2017-12-21 11:12:02,584 - 2632 - Logger1 - DEBUG - p3
2017-12-21 11:12:02,584 - 2632 - Logger1 - DEBUG - p4
2017-12-21 11:12:02,584 - 2632 - Logger1 - DEBUG - p5Junctions
2017-12-21 11:12:02,584 - 2632 - Logger1 - DEBUG - p5.1Junctions
2017-12-21 11:12:02,584 - 2632 - Logger1 - DEBUG - p71
2017-12-21 11:12:02,584 - 2632 - Logger1 - DEBUG - p8
2017-12-21 11:12:02,598 - 2632 - Logger1 - DEBUG - p9
2017-12-21 11:12:02,598 - 2632 - Logger1 - DEBUG - p13, its a node
2017-12-21 11:12:02,598 - 2632 - Logger1 - DEBUG - p15
2017-12-21 11:12:02,598 - 2632 - Logger1 - DEBUG - p16
2017-12-21 11:12:02,615 - 2632 - Logger1 - DEBUG - p17
2017-12-21 11:12:03,582 - 2632 - Logger1 - DEBUG - r1
2017-12-21 11:12:21,674 - 2632 - Logger1 - DEBUG - ---------------------------------------------------------
2017-12-21 11:12:23,039 - 2632 - Logger1 - DEBUG - ---------------------------------------------------------
2017-12-21 11:12:23,273 - 2632 - Logger1 - DEBUG - ---------------------------------------------------------
2017-12-21 11:12:33,503 - 2632 - Logger1 - DEBUG - p1
2017-12-21 11:12:33,503 - 2632 - Logger1 - DEBUG - p2
2017-12-21 11:12:33,503 - 2632 - Logger1 - DEBUG - p3
2017-12-21 11:12:33,503 - 2632 - Logger1 - DEBUG - p4
2017-12-21 11:12:33,503 - 2632 - Logger1 - DEBUG - p5Junctions
2017-12-21 11:12:33,503 - 2632 - Logger1 - DEBUG - p5.1Junctions
2017-12-21 11:12:33,503 - 2632 - Logger1 - DEBUG - p71
2017-12-21 11:12:33,503 - 2632 - Logger1 - DEBUG - p8
2017-12-21 11:12:33,517 - 2632 - Logger1 - DEBUG - p9
2017-12-21 11:12:33,517 - 2632 - Logger1 - DEBUG - p13, its a node
2017-12-21 11:12:33,517 - 2632 - Logger1 - DEBUG - p15
2017-12-21 11:12:33,517 - 2632 - Logger1 - DEBUG - p16
2017-12-21 11:12:33,533 - 2632 - Logger1 - DEBUG - p17
2017-12-21 11:12:34,035 - 2632 - Logger1 - DEBUG - r1
2017-12-21 11:15:15,173 - 2632 - Logger1 - DEBUG - ---------------------------------------------------------
2017-12-21 11:15:17,236 - 2632 - Logger1 - DEBUG - ---------------------------------------------------------
2017-12-21 11:15:27,815 - 2632 - Logger1 - DEBUG - p1
2017-12-21 11:15:27,815 - 2632 - Logger1 - DEBUG - p2
2017-12-21 11:15:27,815 - 2632 - Logger1 - DEBUG - p3
2017-12-21 11:15:27,815 - 2632 - Logger1 - DEBUG - p4
2017-12-21 11:15:27,815 - 2632 - Logger1 - DEBUG - p5Pipes
2017-12-21 11:15:27,815 - 2632 - Logger1 - DEBUG - p5.1Pipes
2017-12-21 11:15:27,815 - 2632 - Logger1 - DEBUG - p71
2017-12-21 11:15:27,815 - 2632 - Logger1 - DEBUG - p8
2017-12-21 11:15:27,829 - 2632 - Logger1 - DEBUG - p9
2017-12-21 11:15:27,829 - 2632 - Logger1 - DEBUG - p13, its a node
2017-12-21 11:15:27,829 - 2632 - Logger1 - DEBUG - p15
2017-12-21 11:15:27,829 - 2632 - Logger1 - DEBUG - p16
2017-12-21 11:15:27,970 - 2632 - Logger1 - DEBUG - p17
2017-12-21 11:15:30,384 - 2632 - Logger1 - DEBUG - r1
2017-12-21 11:16:16,457 - 2632 - Logger1 - DEBUG - ---------------------------------------------------------
2017-12-21 11:16:19,865 - 2632 - Logger1 - DEBUG - ---------------------------------------------------------
2017-12-21 11:16:31,286 - 2632 - Logger1 - DEBUG - p1
2017-12-21 11:16:31,286 - 2632 - Logger1 - DEBUG - p2
2017-12-21 11:16:31,286 - 2632 - Logger1 - DEBUG - p3
2017-12-21 11:16:31,286 - 2632 - Logger1 - DEBUG - p4
2017-12-21 11:16:31,286 - 2632 - Logger1 - DEBUG - p5Junctions
2017-12-21 11:16:31,286 - 2632 - Logger1 - DEBUG - p5.1Junctions
2017-12-21 11:16:31,286 - 2632 - Logger1 - DEBUG - p71
2017-12-21 11:16:31,286 - 2632 - Logger1 - DEBUG - p8
2017-12-21 11:16:31,286 - 2632 - Logger1 - DEBUG - p9
2017-12-21 11:16:31,286 - 2632 - Logger1 - DEBUG - p13, its a node
2017-12-21 11:16:31,286 - 2632 - Logger1 - DEBUG - p15
2017-12-21 11:16:31,286 - 2632 - Logger1 - DEBUG - p16
2017-12-21 11:16:31,319 - 2632 - Logger1 - DEBUG - p17
2017-12-21 11:16:31,990 - 2632 - Logger1 - DEBUG - r1
2017-12-21 11:16:31,990 - 2632 - Logger1 - DEBUG - r2
2017-12-21 11:16:31,990 - 2632 - Logger1 - DEBUG - r3
2017-12-21 11:16:31,990 - 2632 - Logger1 - DEBUG - r6 its a node
2017-12-21 11:16:31,990 - 2632 - Logger1 - DEBUG - r7 its a plain junction - updating node
2017-12-21 11:16:31,990 - 2632 - Logger1 - DEBUG - r8 done updating node
2017-12-21 11:16:31,990 - 2632 - Logger1 - DEBUG - r9 now updating link
2017-12-21 11:16:32,006 - 2632 - Logger1 - DEBUG - r10 done updating link
2017-12-21 11:16:34,017 - 2632 - Logger1 - DEBUG - p1
2017-12-21 11:16:34,017 - 2632 - Logger1 - DEBUG - p2
2017-12-21 11:16:34,017 - 2632 - Logger1 - DEBUG - p3
2017-12-21 11:16:34,017 - 2632 - Logger1 - DEBUG - p4
2017-12-21 11:16:34,017 - 2632 - Logger1 - DEBUG - p5Junctions
2017-12-21 11:16:34,017 - 2632 - Logger1 - DEBUG - p5.1Junctions
2017-12-21 11:16:34,017 - 2632 - Logger1 - DEBUG - p73
2017-12-21 11:16:34,017 - 2632 - Logger1 - DEBUG - p8
2017-12-21 11:16:34,017 - 2632 - Logger1 - DEBUG - p9
2017-12-21 11:16:34,017 - 2632 - Logger1 - DEBUG - p13, its a node
2017-12-21 11:16:34,017 - 2632 - Logger1 - DEBUG - p15
2017-12-21 11:16:34,017 - 2632 - Logger1 - DEBUG - p16
2017-12-21 11:16:34,033 - 2632 - Logger1 - DEBUG - p17
2017-12-21 11:16:35,361 - 2632 - Logger1 - DEBUG - r1
2017-12-21 11:16:35,361 - 2632 - Logger1 - DEBUG - r2
2017-12-21 11:16:35,361 - 2632 - Logger1 - DEBUG - r3
2017-12-21 11:16:35,361 - 2632 - Logger1 - DEBUG - r6 its a node
2017-12-21 11:16:35,361 - 2632 - Logger1 - DEBUG - r7 its a plain junction - updating node
2017-12-21 11:16:35,361 - 2632 - Logger1 - DEBUG - r8 done updating node
2017-12-21 11:16:35,361 - 2632 - Logger1 - DEBUG - r9 now updating link
2017-12-21 11:16:35,377 - 2632 - Logger1 - DEBUG - r10 done updating link
2017-12-21 11:16:37,644 - 2632 - Logger1 - DEBUG - p1
2017-12-21 11:16:37,644 - 2632 - Logger1 - DEBUG - p2
2017-12-21 11:16:37,644 - 2632 - Logger1 - DEBUG - p3
2017-12-21 11:16:37,644 - 2632 - Logger1 - DEBUG - p4
2017-12-21 11:16:37,644 - 2632 - Logger1 - DEBUG - p5Junctions
2017-12-21 11:16:37,644 - 2632 - Logger1 - DEBUG - p5.1Junctions
2017-12-21 11:16:37,644 - 2632 - Logger1 - DEBUG - p72
2017-12-21 11:16:37,644 - 2632 - Logger1 - DEBUG - p8
2017-12-21 11:16:37,644 - 2632 - Logger1 - DEBUG - p9
2017-12-21 11:16:37,644 - 2632 - Logger1 - DEBUG - p13, its a node
2017-12-21 11:16:37,644 - 2632 - Logger1 - DEBUG - p15
2017-12-21 11:16:37,644 - 2632 - Logger1 - DEBUG - p16
2017-12-21 11:16:37,658 - 2632 - Logger1 - DEBUG - p17
2017-12-21 11:16:39,286 - 2632 - Logger1 - DEBUG - r1
2017-12-21 11:16:39,302 - 2632 - Logger1 - DEBUG - r2
2017-12-21 11:16:39,302 - 2632 - Logger1 - DEBUG - r3
2017-12-21 11:16:39,302 - 2632 - Logger1 - DEBUG - r6 its a node
2017-12-21 11:16:39,302 - 2632 - Logger1 - DEBUG - r7 its a plain junction - updating node
2017-12-21 11:16:39,302 - 2632 - Logger1 - DEBUG - r8 done updating node
2017-12-21 11:16:39,302 - 2632 - Logger1 - DEBUG - r9 now updating link
2017-12-21 11:16:39,302 - 2632 - Logger1 - DEBUG - r10 done updating link
2017-12-21 11:16:40,407 - 2632 - Logger1 - DEBUG - p1
2017-12-21 11:16:40,421 - 2632 - Logger1 - DEBUG - p2
2017-12-21 11:16:40,421 - 2632 - Logger1 - DEBUG - p3
2017-12-21 11:16:40,421 - 2632 - Logger1 - DEBUG - p4
2017-12-21 11:16:40,421 - 2632 - Logger1 - DEBUG - p5Junctions
2017-12-21 11:16:40,421 - 2632 - Logger1 - DEBUG - p5.1Junctions
2017-12-21 11:16:40,421 - 2632 - Logger1 - DEBUG - p79
2017-12-21 11:16:40,421 - 2632 - Logger1 - DEBUG - p8
2017-12-21 11:16:40,421 - 2632 - Logger1 - DEBUG - p9
2017-12-21 11:16:40,421 - 2632 - Logger1 - DEBUG - p13, its a node
2017-12-21 11:16:41,084 - 2632 - Logger1 - DEBUG - r1
2017-12-21 11:16:41,084 - 2632 - Logger1 - DEBUG - r2
2017-12-21 11:16:41,084 - 2632 - Logger1 - DEBUG - r3
2017-12-21 11:16:41,084 - 2632 - Logger1 - DEBUG - r6 its a node
2017-12-21 11:16:41,084 - 2632 - Logger1 - DEBUG - r7 its a plain junction - updating node
2017-12-21 11:16:41,084 - 2632 - Logger1 - DEBUG - r8 done updating node
2017-12-21 11:16:41,084 - 2632 - Logger1 - DEBUG - r9 now updating link
2017-12-21 11:16:41,084 - 2632 - Logger1 - DEBUG - r10 done updating link
2017-12-21 11:16:41,944 - 2632 - Logger1 - DEBUG - p1
2017-12-21 11:17:15,346 - 2632 - Logger1 - DEBUG - ---------------------------------------------------------
2017-12-21 11:17:17,505 - 2632 - Logger1 - DEBUG - ---------------------------------------------------------
2017-12-21 11:17:30,415 - 2632 - Logger1 - DEBUG - p1
2017-12-21 11:17:30,415 - 2632 - Logger1 - DEBUG - p2
2017-12-21 11:17:30,415 - 2632 - Logger1 - DEBUG - p3
2017-12-21 11:17:30,415 - 2632 - Logger1 - DEBUG - p4
2017-12-21 11:17:30,415 - 2632 - Logger1 - DEBUG - p5Junctions
2017-12-21 11:17:30,415 - 2632 - Logger1 - DEBUG - p5.1Junctions
2017-12-21 11:17:30,415 - 2632 - Logger1 - DEBUG - p71
2017-12-21 11:17:30,415 - 2632 - Logger1 - DEBUG - p8
2017-12-21 11:17:30,415 - 2632 - Logger1 - DEBUG - p9
2017-12-21 11:17:30,415 - 2632 - Logger1 - DEBUG - p13, its a node
2017-12-21 11:17:30,415 - 2632 - Logger1 - DEBUG - p15
2017-12-21 11:17:30,415 - 2632 - Logger1 - DEBUG - p16
2017-12-21 11:17:30,447 - 2632 - Logger1 - DEBUG - p17
2017-12-21 11:17:30,931 - 2632 - Logger1 - DEBUG - r1
2017-12-21 11:17:30,931 - 2632 - Logger1 - DEBUG - r2
2017-12-21 11:17:30,931 - 2632 - Logger1 - DEBUG - r3
2017-12-21 11:17:30,931 - 2632 - Logger1 - DEBUG - r6 its a node
2017-12-21 11:17:30,931 - 2632 - Logger1 - DEBUG - r7 its a plain junction - updating node
2017-12-21 11:17:30,931 - 2632 - Logger1 - DEBUG - r8 done updating node
2017-12-21 11:17:30,931 - 2632 - Logger1 - DEBUG - r9 now updating link
2017-12-21 11:17:30,931 - 2632 - Logger1 - DEBUG - r10 done updating link
2017-12-21 11:17:32,072 - 2632 - Logger1 - DEBUG - p1
2017-12-21 11:17:32,072 - 2632 - Logger1 - DEBUG - p2
2017-12-21 11:17:32,072 - 2632 - Logger1 - DEBUG - p3
2017-12-21 11:17:32,072 - 2632 - Logger1 - DEBUG - p4
2017-12-21 11:17:32,072 - 2632 - Logger1 - DEBUG - p5Junctions
2017-12-21 11:17:32,072 - 2632 - Logger1 - DEBUG - p5.1Junctions
2017-12-21 11:17:32,072 - 2632 - Logger1 - DEBUG - p79
2017-12-21 11:17:32,072 - 2632 - Logger1 - DEBUG - p8
2017-12-21 11:17:32,072 - 2632 - Logger1 - DEBUG - p9
2017-12-21 11:17:32,072 - 2632 - Logger1 - DEBUG - p13, its a node
2017-12-21 11:17:32,072 - 2632 - Logger1 - DEBUG - p14 its an isolated node
2017-12-21 11:17:33,447 - 2632 - Logger1 - DEBUG - r1
2017-12-21 11:17:33,447 - 2632 - Logger1 - DEBUG - r2
2017-12-21 11:17:33,447 - 2632 - Logger1 - DEBUG - r3
2017-12-21 11:17:33,447 - 2632 - Logger1 - DEBUG - r6 its a node
2017-12-21 11:17:33,447 - 2632 - Logger1 - DEBUG - r7 its a plain junction - updating node
2017-12-21 11:17:33,447 - 2632 - Logger1 - DEBUG - r8 done updating node
2017-12-21 11:17:33,447 - 2632 - Logger1 - DEBUG - r9 now updating link
2017-12-21 11:17:33,447 - 2632 - Logger1 - DEBUG - r10 done updating link
2017-12-21 11:17:55,390 - 2632 - Logger1 - DEBUG - p1
2017-12-21 11:17:55,390 - 2632 - Logger1 - DEBUG - p2
2017-12-21 11:17:55,390 - 2632 - Logger1 - DEBUG - p3
2017-12-21 11:17:55,390 - 2632 - Logger1 - DEBUG - p4
2017-12-21 11:17:55,390 - 2632 - Logger1 - DEBUG - p5Junctions
2017-12-21 11:17:55,390 - 2632 - Logger1 - DEBUG - p5.1Junctions
2017-12-21 11:17:55,390 - 2632 - Logger1 - DEBUG - p73
2017-12-21 11:17:55,390 - 2632 - Logger1 - DEBUG - p8
2017-12-21 11:17:55,390 - 2632 - Logger1 - DEBUG - p9
2017-12-21 11:17:55,390 - 2632 - Logger1 - DEBUG - p13, its a node
2017-12-21 11:17:55,390 - 2632 - Logger1 - DEBUG - p15
2017-12-21 11:17:55,390 - 2632 - Logger1 - DEBUG - p16
2017-12-21 11:17:55,404 - 2632 - Logger1 - DEBUG - p17
2017-12-21 11:17:56,233 - 2632 - Logger1 - DEBUG - r1
2017-12-21 11:17:56,233 - 2632 - Logger1 - DEBUG - r2
2017-12-21 11:17:56,233 - 2632 - Logger1 - DEBUG - r3
2017-12-21 11:17:56,233 - 2632 - Logger1 - DEBUG - r6 its a node
2017-12-21 11:17:56,233 - 2632 - Logger1 - DEBUG - r7 its a plain junction - updating node
2017-12-21 11:17:56,233 - 2632 - Logger1 - DEBUG - r8 done updating node
2017-12-21 11:17:56,233 - 2632 - Logger1 - DEBUG - r9 now updating link
2017-12-21 11:17:56,247 - 2632 - Logger1 - DEBUG - r10 done updating link
2017-12-21 11:18:06,519 - 2632 - Logger1 - DEBUG - ---------------------------------------------------------
2017-12-21 11:18:19,862 - 2632 - Logger1 - DEBUG - p1
2017-12-21 11:18:19,862 - 2632 - Logger1 - DEBUG - p2
2017-12-21 11:18:19,862 - 2632 - Logger1 - DEBUG - p3
2017-12-21 11:18:19,862 - 2632 - Logger1 - DEBUG - p4
2017-12-21 11:18:19,878 - 2632 - Logger1 - DEBUG - p5Junctions
2017-12-21 11:18:19,878 - 2632 - Logger1 - DEBUG - p5.1Junctions
2017-12-21 11:18:19,878 - 2632 - Logger1 - DEBUG - p79
2017-12-21 11:18:19,878 - 2632 - Logger1 - DEBUG - p8
2017-12-21 11:18:19,878 - 2632 - Logger1 - DEBUG - p9
2017-12-21 11:18:19,878 - 2632 - Logger1 - DEBUG - p13, its a node
2017-12-21 11:18:19,878 - 2632 - Logger1 - DEBUG - p14 its an isolated node
2017-12-21 11:18:20,723 - 2632 - Logger1 - DEBUG - r1
2017-12-21 11:18:20,723 - 2632 - Logger1 - DEBUG - r2
2017-12-21 11:18:20,723 - 2632 - Logger1 - DEBUG - r3
2017-12-21 11:18:20,723 - 2632 - Logger1 - DEBUG - r6 its a node
2017-12-21 11:18:20,723 - 2632 - Logger1 - DEBUG - r7 its a plain junction - updating node
2017-12-21 11:18:20,723 - 2632 - Logger1 - DEBUG - r8 done updating node
2017-12-21 11:18:20,723 - 2632 - Logger1 - DEBUG - r9 now updating link
2017-12-21 11:18:20,723 - 2632 - Logger1 - DEBUG - r10 done updating link
2017-12-21 11:18:22,838 - 2632 - Logger1 - DEBUG - p1
2017-12-21 11:18:22,838 - 2632 - Logger1 - DEBUG - p2
2017-12-21 11:18:22,838 - 2632 - Logger1 - DEBUG - p3
2017-12-21 11:18:22,838 - 2632 - Logger1 - DEBUG - p4
2017-12-21 11:18:22,838 - 2632 - Logger1 - DEBUG - p5Junctions
2017-12-21 11:18:22,838 - 2632 - Logger1 - DEBUG - p5.1Junctions
2017-12-21 11:18:22,838 - 2632 - Logger1 - DEBUG - p71
2017-12-21 11:18:22,838 - 2632 - Logger1 - DEBUG - p8
2017-12-21 11:18:22,838 - 2632 - Logger1 - DEBUG - p9
2017-12-21 11:18:22,838 - 2632 - Logger1 - DEBUG - p13, its a node
2017-12-21 11:18:22,838 - 2632 - Logger1 - DEBUG - p15
2017-12-21 11:18:22,838 - 2632 - Logger1 - DEBUG - p16
2017-12-21 11:18:22,855 - 2632 - Logger1 - DEBUG - p17
2017-12-21 11:18:23,338 - 2632 - Logger1 - DEBUG - r1
2017-12-21 11:18:23,338 - 2632 - Logger1 - DEBUG - r2
2017-12-21 11:18:23,338 - 2632 - Logger1 - DEBUG - r3
2017-12-21 11:18:23,338 - 2632 - Logger1 - DEBUG - r6 its a node
2017-12-21 11:18:23,338 - 2632 - Logger1 - DEBUG - r7 its a plain junction - updating node
2017-12-21 11:18:23,338 - 2632 - Logger1 - DEBUG - r8 done updating node
2017-12-21 11:18:23,338 - 2632 - Logger1 - DEBUG - r9 now updating link
2017-12-21 11:18:23,338 - 2632 - Logger1 - DEBUG - r10 done updating link
2017-12-21 11:18:24,799 - 2632 - Logger1 - DEBUG - p1
2017-12-21 11:18:24,799 - 2632 - Logger1 - DEBUG - p2
2017-12-21 11:18:24,799 - 2632 - Logger1 - DEBUG - p3
2017-12-21 11:18:24,799 - 2632 - Logger1 - DEBUG - p4
2017-12-21 11:18:24,799 - 2632 - Logger1 - DEBUG - p5Junctions
2017-12-21 11:18:24,799 - 2632 - Logger1 - DEBUG - p5.1Junctions
2017-12-21 11:18:24,815 - 2632 - Logger1 - DEBUG - p78
2017-12-21 11:18:24,815 - 2632 - Logger1 - DEBUG - p8
2017-12-21 11:18:24,815 - 2632 - Logger1 - DEBUG - p9
2017-12-21 11:18:24,815 - 2632 - Logger1 - DEBUG - p13, its a node
2017-12-21 11:18:24,815 - 2632 - Logger1 - DEBUG - p18 pump or valve
2017-12-21 11:18:25,436 - 2632 - Logger1 - DEBUG - r1
2017-12-21 11:18:25,436 - 2632 - Logger1 - DEBUG - r2
2017-12-21 11:18:25,436 - 2632 - Logger1 - DEBUG - r3
2017-12-21 11:18:25,436 - 2632 - Logger1 - DEBUG - r6 its a node
2017-12-21 11:18:25,436 - 2632 - Logger1 - DEBUG - r11 its a pump/valve - updating nodes
2017-12-21 11:18:48,487 - 2632 - Logger1 - DEBUG - ---------------------------------------------------------
2017-12-21 11:19:02,676 - 2632 - Logger1 - DEBUG - p1
2017-12-21 11:19:02,676 - 2632 - Logger1 - DEBUG - p2
2017-12-21 11:19:02,676 - 2632 - Logger1 - DEBUG - p3
2017-12-21 11:19:02,676 - 2632 - Logger1 - DEBUG - p4
2017-12-21 11:19:02,676 - 2632 - Logger1 - DEBUG - p5Tanks
2017-12-21 11:19:02,676 - 2632 - Logger1 - DEBUG - p5.1Tanks
2017-12-21 11:19:02,676 - 2632 - Logger1 - DEBUG - p71
2017-12-21 11:19:02,676 - 2632 - Logger1 - DEBUG - p8
2017-12-21 11:19:02,690 - 2632 - Logger1 - DEBUG - p9
2017-12-21 11:19:02,690 - 2632 - Logger1 - DEBUG - p13, its a node
2017-12-21 11:19:02,690 - 2632 - Logger1 - DEBUG - p15
2017-12-21 11:19:02,690 - 2632 - Logger1 - DEBUG - p16
2017-12-21 11:19:02,707 - 2632 - Logger1 - DEBUG - p17
2017-12-21 11:19:03,237 - 2632 - Logger1 - DEBUG - r1
2017-12-21 11:19:03,237 - 2632 - Logger1 - DEBUG - r2
2017-12-21 11:19:03,237 - 2632 - Logger1 - DEBUG - r3
2017-12-21 11:19:03,237 - 2632 - Logger1 - DEBUG - r6 its a node
2017-12-21 11:19:03,237 - 2632 - Logger1 - DEBUG - r7 its a plain junction - updating node
2017-12-21 11:19:03,253 - 2632 - Logger1 - DEBUG - r8 done updating node
2017-12-21 11:19:03,253 - 2632 - Logger1 - DEBUG - r9 now updating link
2017-12-21 11:19:03,253 - 2632 - Logger1 - DEBUG - r10 done updating link
2017-12-21 11:19:05,681 - 2632 - Logger1 - DEBUG - p1
2017-12-21 11:19:05,681 - 2632 - Logger1 - DEBUG - p2
2017-12-21 11:19:05,681 - 2632 - Logger1 - DEBUG - p3
2017-12-21 11:19:05,681 - 2632 - Logger1 - DEBUG - p4
2017-12-21 11:19:05,681 - 2632 - Logger1 - DEBUG - p5Junctions
2017-12-21 11:19:05,681 - 2632 - Logger1 - DEBUG - p5.1Junctions
2017-12-21 11:19:05,681 - 2632 - Logger1 - DEBUG - p78
2017-12-21 11:19:05,681 - 2632 - Logger1 - DEBUG - p8
2017-12-21 11:19:05,681 - 2632 - Logger1 - DEBUG - p9
2017-12-21 11:19:05,681 - 2632 - Logger1 - DEBUG - p13, its a node
2017-12-21 11:19:05,681 - 2632 - Logger1 - DEBUG - p18 pump or valve
2017-12-21 11:19:05,681 - 2632 - Logger1 - DEBUG - p192
2017-12-21 11:19:05,681 - 2632 - Logger1 - DEBUG - p20
2017-12-21 11:19:06,493 - 2632 - Logger1 - DEBUG - r1
2017-12-21 11:19:06,493 - 2632 - Logger1 - DEBUG - r2
2017-12-21 11:19:06,493 - 2632 - Logger1 - DEBUG - r3
2017-12-21 11:19:06,493 - 2632 - Logger1 - DEBUG - r6 its a node
2017-12-21 11:19:06,493 - 2632 - Logger1 - DEBUG - r11 its a pump/valve - updating nodes
2017-12-21 11:19:06,509 - 2632 - Logger1 - DEBUG - r12 moving pumps and valves
2017-12-21 11:19:06,509 - 2632 - Logger1 - DEBUG - r14
2017-12-21 11:19:15,507 - 2632 - Logger1 - DEBUG - p1
2017-12-21 11:19:17,601 - 2632 - Logger1 - DEBUG - p1
2017-12-21 11:19:17,601 - 2632 - Logger1 - DEBUG - p2
2017-12-21 11:19:17,601 - 2632 - Logger1 - DEBUG - p3
2017-12-21 11:19:17,601 - 2632 - Logger1 - DEBUG - p4
2017-12-21 11:19:17,601 - 2632 - Logger1 - DEBUG - p5Junctions
2017-12-21 11:19:17,601 - 2632 - Logger1 - DEBUG - p5.1Junctions
2017-12-21 11:19:17,601 - 2632 - Logger1 - DEBUG - p73
2017-12-21 11:19:17,601 - 2632 - Logger1 - DEBUG - p8
2017-12-21 11:19:17,601 - 2632 - Logger1 - DEBUG - p9
2017-12-21 11:19:17,601 - 2632 - Logger1 - DEBUG - p13, its a node
2017-12-21 11:19:17,601 - 2632 - Logger1 - DEBUG - p15
2017-12-21 11:19:17,601 - 2632 - Logger1 - DEBUG - p16
2017-12-21 11:19:17,617 - 2632 - Logger1 - DEBUG - p17
2017-12-21 11:19:18,160 - 2632 - Logger1 - DEBUG - r1
2017-12-21 11:19:18,160 - 2632 - Logger1 - DEBUG - r2
2017-12-21 11:19:18,160 - 2632 - Logger1 - DEBUG - r3
2017-12-21 11:19:18,160 - 2632 - Logger1 - DEBUG - r6 its a node
2017-12-21 11:19:18,160 - 2632 - Logger1 - DEBUG - r7 its a plain junction - updating node
2017-12-21 11:19:18,160 - 2632 - Logger1 - DEBUG - r8 done updating node
2017-12-21 11:19:18,160 - 2632 - Logger1 - DEBUG - r9 now updating link
2017-12-21 11:19:18,174 - 2632 - Logger1 - DEBUG - r10 done updating link
2017-12-21 11:19:19,690 - 2632 - Logger1 - DEBUG - p1
2017-12-21 11:19:19,690 - 2632 - Logger1 - DEBUG - p2
2017-12-21 11:19:19,690 - 2632 - Logger1 - DEBUG - p3
2017-12-21 11:19:19,690 - 2632 - Logger1 - DEBUG - p4
2017-12-21 11:19:19,690 - 2632 - Logger1 - DEBUG - p5Junctions
2017-12-21 11:19:19,690 - 2632 - Logger1 - DEBUG - p5.1Junctions
2017-12-21 11:19:19,690 - 2632 - Logger1 - DEBUG - p71
2017-12-21 11:19:19,690 - 2632 - Logger1 - DEBUG - p8
2017-12-21 11:19:19,706 - 2632 - Logger1 - DEBUG - p9
2017-12-21 11:19:19,706 - 2632 - Logger1 - DEBUG - p13, its a node
2017-12-21 11:19:19,706 - 2632 - Logger1 - DEBUG - p15
2017-12-21 11:19:19,706 - 2632 - Logger1 - DEBUG - p16
2017-12-21 11:19:19,706 - 2632 - Logger1 - DEBUG - p17
2017-12-21 11:19:20,096 - 2632 - Logger1 - DEBUG - r1
2017-12-21 11:19:20,096 - 2632 - Logger1 - DEBUG - r2
2017-12-21 11:19:20,096 - 2632 - Logger1 - DEBUG - r3
2017-12-21 11:19:20,096 - 2632 - Logger1 - DEBUG - r6 its a node
2017-12-21 11:19:20,096 - 2632 - Logger1 - DEBUG - r7 its a plain junction - updating node
2017-12-21 11:19:20,096 - 2632 - Logger1 - DEBUG - r8 done updating node
2017-12-21 11:19:20,096 - 2632 - Logger1 - DEBUG - r9 now updating link
2017-12-21 11:19:20,111 - 2632 - Logger1 - DEBUG - r10 done updating link
2017-12-21 11:19:23,628 - 2632 - Logger1 - DEBUG - p1
2017-12-21 11:19:23,628 - 2632 - Logger1 - DEBUG - p2
2017-12-21 11:19:23,628 - 2632 - Logger1 - DEBUG - p3
2017-12-21 11:19:23,644 - 2632 - Logger1 - DEBUG - p4
2017-12-21 11:19:23,644 - 2632 - Logger1 - DEBUG - p5Junctions
2017-12-21 11:19:23,644 - 2632 - Logger1 - DEBUG - p5.1Junctions
2017-12-21 11:19:23,644 - 2632 - Logger1 - DEBUG - p72
2017-12-21 11:19:23,644 - 2632 - Logger1 - DEBUG - p8
2017-12-21 11:19:23,644 - 2632 - Logger1 - DEBUG - p9
2017-12-21 11:19:23,644 - 2632 - Logger1 - DEBUG - p13, its a node
2017-12-21 11:19:23,644 - 2632 - Logger1 - DEBUG - p15
2017-12-21 11:19:23,644 - 2632 - Logger1 - DEBUG - p16
2017-12-21 11:19:23,661 - 2632 - Logger1 - DEBUG - p17
2017-12-21 11:19:24,082 - 2632 - Logger1 - DEBUG - r1
2017-12-21 11:19:24,082 - 2632 - Logger1 - DEBUG - r2
2017-12-21 11:19:24,082 - 2632 - Logger1 - DEBUG - r3
2017-12-21 11:19:24,082 - 2632 - Logger1 - DEBUG - r6 its a node
2017-12-21 11:19:24,082 - 2632 - Logger1 - DEBUG - r7 its a plain junction - updating node
2017-12-21 11:19:24,082 - 2632 - Logger1 - DEBUG - r8 done updating node
2017-12-21 11:19:24,082 - 2632 - Logger1 - DEBUG - r9 now updating link
2017-12-21 11:19:24,098 - 2632 - Logger1 - DEBUG - r10 done updating link
2017-12-21 11:19:25,523 - 2632 - Logger1 - DEBUG - p1
2017-12-21 11:19:25,523 - 2632 - Logger1 - DEBUG - p2
2017-12-21 11:19:25,523 - 2632 - Logger1 - DEBUG - p3
2017-12-21 11:19:25,523 - 2632 - Logger1 - DEBUG - p4
2017-12-21 11:19:25,523 - 2632 - Logger1 - DEBUG - p5Junctions
2017-12-21 11:19:25,523 - 2632 - Logger1 - DEBUG - p5.1Junctions
2017-12-21 11:19:25,523 - 2632 - Logger1 - DEBUG - p75
2017-12-21 11:19:25,523 - 2632 - Logger1 - DEBUG - p8
2017-12-21 11:19:25,523 - 2632 - Logger1 - DEBUG - p9
2017-12-21 11:19:25,523 - 2632 - Logger1 - DEBUG - p13, its a node
2017-12-21 11:19:25,523 - 2632 - Logger1 - DEBUG - p15
2017-12-21 11:19:25,523 - 2632 - Logger1 - DEBUG - p16
2017-12-21 11:19:25,523 - 2632 - Logger1 - DEBUG - p17
2017-12-21 11:19:25,944 - 2632 - Logger1 - DEBUG - r1
2017-12-21 11:19:25,944 - 2632 - Logger1 - DEBUG - r2
2017-12-21 11:19:25,944 - 2632 - Logger1 - DEBUG - r3
2017-12-21 11:19:25,944 - 2632 - Logger1 - DEBUG - r6 its a node
2017-12-21 11:19:25,944 - 2632 - Logger1 - DEBUG - r7 its a plain junction - updating node
2017-12-21 11:19:25,944 - 2632 - Logger1 - DEBUG - r8 done updating node
2017-12-21 11:19:25,944 - 2632 - Logger1 - DEBUG - r9 now updating link
2017-12-21 11:19:25,960 - 2632 - Logger1 - DEBUG - r10 done updating link
2017-12-21 11:19:27,387 - 2632 - Logger1 - DEBUG - p1
2017-12-21 11:19:27,387 - 2632 - Logger1 - DEBUG - p2
2017-12-21 11:19:27,387 - 2632 - Logger1 - DEBUG - p3
2017-12-21 11:19:27,387 - 2632 - Logger1 - DEBUG - p4
2017-12-21 11:19:27,387 - 2632 - Logger1 - DEBUG - p5Pipes
2017-12-21 11:19:27,387 - 2632 - Logger1 - DEBUG - p5.1Pipes
2017-12-21 11:19:27,387 - 2632 - Logger1 - DEBUG - p10, its a vertex
2017-12-21 11:19:27,387 - 2632 - Logger1 - DEBUG - p11
2017-12-21 11:19:27,387 - 2632 - Logger1 - DEBUG - p12
2017-12-21 11:19:27,714 - 2632 - Logger1 - DEBUG - r1
2017-12-21 11:19:27,714 - 2632 - Logger1 - DEBUG - r2
2017-12-21 11:19:27,714 - 2632 - Logger1 - DEBUG - r3
2017-12-21 11:19:27,714 - 2632 - Logger1 - DEBUG - r4 its a vertex
2017-12-21 11:19:27,714 - 2632 - Logger1 - DEBUG - r5
2017-12-21 11:19:29,348 - 2632 - Logger1 - DEBUG - p1
2017-12-21 11:19:30,582 - 2632 - Logger1 - DEBUG - p1
2017-12-21 11:19:30,582 - 2632 - Logger1 - DEBUG - p2
2017-12-21 11:19:30,582 - 2632 - Logger1 - DEBUG - p3
2017-12-21 11:19:30,582 - 2632 - Logger1 - DEBUG - p4
2017-12-21 11:19:30,582 - 2632 - Logger1 - DEBUG - p5Pipes
2017-12-21 11:19:30,582 - 2632 - Logger1 - DEBUG - p5.1Pipes
2017-12-21 11:19:30,582 - 2632 - Logger1 - DEBUG - p10, its a vertex
2017-12-21 11:19:30,582 - 2632 - Logger1 - DEBUG - p11
2017-12-21 11:19:30,582 - 2632 - Logger1 - DEBUG - p12
2017-12-21 11:19:31,193 - 2632 - Logger1 - DEBUG - r1
2017-12-21 11:19:31,193 - 2632 - Logger1 - DEBUG - r2
2017-12-21 11:19:31,193 - 2632 - Logger1 - DEBUG - r3
2017-12-21 11:19:31,193 - 2632 - Logger1 - DEBUG - r4 its a vertex
2017-12-21 11:19:31,207 - 2632 - Logger1 - DEBUG - r5
2017-12-21 11:19:46,621 - 2632 - Logger1 - DEBUG - p1
2017-12-21 11:19:46,621 - 2632 - Logger1 - DEBUG - p2
2017-12-21 11:19:46,621 - 2632 - Logger1 - DEBUG - p3
2017-12-21 11:19:46,621 - 2632 - Logger1 - DEBUG - p4
2017-12-21 11:19:46,621 - 2632 - Logger1 - DEBUG - p5Pipes
2017-12-21 11:19:46,621 - 2632 - Logger1 - DEBUG - p5.1Pipes
2017-12-21 11:19:46,621 - 2632 - Logger1 - DEBUG - p10, its a vertex
2017-12-21 11:19:46,621 - 2632 - Logger1 - DEBUG - p11
2017-12-21 11:19:46,637 - 2632 - Logger1 - DEBUG - p12
2017-12-21 11:19:47,131 - 2632 - Logger1 - DEBUG - r1
2017-12-21 11:19:47,131 - 2632 - Logger1 - DEBUG - r2
2017-12-21 11:19:47,131 - 2632 - Logger1 - DEBUG - r3
2017-12-21 11:19:47,132 - 2632 - Logger1 - DEBUG - r4 its a vertex
2017-12-21 11:19:47,138 - 2632 - Logger1 - DEBUG - r5
2017-12-21 11:20:24,441 - 2632 - Logger1 - DEBUG - ---------------------------------------------------------
2017-12-21 11:20:38,065 - 2632 - Logger1 - DEBUG - p1
2017-12-21 11:20:38,065 - 2632 - Logger1 - DEBUG - p2
2017-12-21 11:20:38,065 - 2632 - Logger1 - DEBUG - p3
2017-12-21 11:20:38,065 - 2632 - Logger1 - DEBUG - p4
2017-12-21 11:20:38,065 - 2632 - Logger1 - DEBUG - p5Pipes
2017-12-21 11:20:38,065 - 2632 - Logger1 - DEBUG - p5.1Pipes
2017-12-21 11:20:38,065 - 2632 - Logger1 - DEBUG - p10, its a vertex
2017-12-21 11:20:38,065 - 2632 - Logger1 - DEBUG - p11
2017-12-21 11:20:38,065 - 2632 - Logger1 - DEBUG - p12
2017-12-21 11:20:38,694 - 2632 - Logger1 - DEBUG - r1
2017-12-21 11:20:38,694 - 2632 - Logger1 - DEBUG - r2
2017-12-21 11:20:38,694 - 2632 - Logger1 - DEBUG - r3
2017-12-21 11:20:38,694 - 2632 - Logger1 - DEBUG - r4 its a vertex
2017-12-21 11:20:38,710 - 2632 - Logger1 - DEBUG - r5
2017-12-21 11:20:41,305 - 2632 - Logger1 - DEBUG - p1
2017-12-21 11:20:41,305 - 2632 - Logger1 - DEBUG - p2
2017-12-21 11:20:41,305 - 2632 - Logger1 - DEBUG - p3
2017-12-21 11:20:41,305 - 2632 - Logger1 - DEBUG - p4
2017-12-21 11:20:41,305 - 2632 - Logger1 - DEBUG - p5Pipes
2017-12-21 11:20:41,305 - 2632 - Logger1 - DEBUG - p5.1Pipes
2017-12-21 11:20:41,305 - 2632 - Logger1 - DEBUG - p10, its a vertex
2017-12-21 11:20:41,305 - 2632 - Logger1 - DEBUG - p11
2017-12-21 11:20:41,305 - 2632 - Logger1 - DEBUG - p12
2017-12-21 11:20:41,681 - 2632 - Logger1 - DEBUG - r1
2017-12-21 11:20:41,681 - 2632 - Logger1 - DEBUG - r2
2017-12-21 11:20:41,681 - 2632 - Logger1 - DEBUG - r3
2017-12-21 11:20:41,681 - 2632 - Logger1 - DEBUG - r4 its a vertex
2017-12-21 11:20:41,681 - 2632 - Logger1 - DEBUG - r5
2017-12-21 11:22:46,565 - 2632 - Logger1 - DEBUG - p1
2017-12-21 11:22:46,565 - 2632 - Logger1 - DEBUG - p2
2017-12-21 11:22:46,565 - 2632 - Logger1 - DEBUG - p3
2017-12-21 11:22:46,565 - 2632 - Logger1 - DEBUG - p4
2017-12-21 11:22:46,565 - 2632 - Logger1 - DEBUG - p5Pipes
2017-12-21 11:22:46,565 - 2632 - Logger1 - DEBUG - p5.1Pipes
2017-12-21 11:22:46,565 - 2632 - Logger1 - DEBUG - p78
2017-12-21 11:22:46,581 - 2632 - Logger1 - DEBUG - p8
2017-12-21 11:22:46,581 - 2632 - Logger1 - DEBUG - p9
2017-12-21 11:22:46,581 - 2632 - Logger1 - DEBUG - p13, its a node
2017-12-21 11:22:46,581 - 2632 - Logger1 - DEBUG - p18 pump or valve
2017-12-21 11:22:46,581 - 2632 - Logger1 - DEBUG - p192
2017-12-21 11:22:46,581 - 2632 - Logger1 - DEBUG - p20
2017-12-21 11:22:47,190 - 2632 - Logger1 - DEBUG - r1
2017-12-21 11:22:47,190 - 2632 - Logger1 - DEBUG - r2
2017-12-21 11:22:47,190 - 2632 - Logger1 - DEBUG - r3
2017-12-21 11:22:47,190 - 2632 - Logger1 - DEBUG - r6 its a node
2017-12-21 11:22:47,190 - 2632 - Logger1 - DEBUG - r11 its a pump/valve - updating nodes
2017-12-21 11:22:47,190 - 2632 - Logger1 - DEBUG - r12 moving pumps and valves
2017-12-21 11:22:47,190 - 2632 - Logger1 - DEBUG - r14
2017-12-21 11:26:25,266 - 2632 - Logger1 - DEBUG - ---------------------------------------------------------
